
*** Running vivado
    with args -log design_1_wrapper.vds -m64 -product Vivado -mode batch -messageDb vivado.pb -notrace -source design_1_wrapper.tcl



****** Vivado v2020.2 (64-bit)
  **** SW Build 3064766 on Wed Nov 18 09:12:45 MST 2020
  **** IP Build 3064653 on Wed Nov 18 14:17:31 MST 2020
    ** Copyright 1986-2020 Xilinx, Inc. All Rights Reserved.

source design_1_wrapper.tcl -notrace
INFO: [IP_Flow 19-234] Refreshing IP repositories
INFO: [IP_Flow 19-1704] No user IP repositories specified
INFO: [IP_Flow 19-2313] Loaded Vivado IP repository 'C:/Xilinx/Vivado/2020.2/data/ip'.
Command: synth_design -top design_1_wrapper -part xc7a15tcpg236-1
Starting synth_design
Attempting to get a license for feature 'Synthesis' and/or device 'xc7a15t'
INFO: [Common 17-349] Got license for feature 'Synthesis' and/or device 'xc7a15t'
INFO: [Device 21-403] Loading part xc7a15tcpg236-1
INFO: [Synth 8-7079] Multithreading enabled for synth_design using a maximum of 2 processes.
INFO: [Synth 8-7078] Launching helper process for spawning children vivado processes
INFO: [Synth 8-7075] Helper process launched with PID 15504
---------------------------------------------------------------------------------
Starting RTL Elaboration : Time (s): cpu = 00:00:04 ; elapsed = 00:00:04 . Memory (MB): peak = 1001.008 ; gain = 0.000
---------------------------------------------------------------------------------
INFO: [Synth 8-6157] synthesizing module 'design_1_wrapper' [d:/aio/testcases/mentor/security/proof_of_concept/vivado_design/random_number_generator/random_number_generator.gen/sources_1/bd/design_1/hdl/design_1_wrapper.v:12]
INFO: [Synth 8-6157] synthesizing module 'design_1' [d:/aio/testcases/mentor/security/proof_of_concept/vivado_design/random_number_generator/random_number_generator.gen/sources_1/bd/design_1/synth/design_1.v:13]
INFO: [Synth 8-6157] synthesizing module 'design_1_clk_wiz_0_0' [D:/aio/testcases/mentor/security/proof_of_concept/vivado_design/random_number_generator/random_number_generator.runs/synth_1/.Xil/Vivado-12660-MSI/realtime/design_1_clk_wiz_0_0_stub.v:5]
INFO: [Synth 8-6155] done synthesizing module 'design_1_clk_wiz_0_0' (1#1) [D:/aio/testcases/mentor/security/proof_of_concept/vivado_design/random_number_generator/random_number_generator.runs/synth_1/.Xil/Vivado-12660-MSI/realtime/design_1_clk_wiz_0_0_stub.v:5]
INFO: [Synth 8-6157] synthesizing module 'design_1_pulse_generator_0_0' [D:/aio/testcases/mentor/security/proof_of_concept/vivado_design/random_number_generator/random_number_generator.runs/synth_1/.Xil/Vivado-12660-MSI/realtime/design_1_pulse_generator_0_0_stub.v:6]
INFO: [Synth 8-6155] done synthesizing module 'design_1_pulse_generator_0_0' (2#1) [D:/aio/testcases/mentor/security/proof_of_concept/vivado_design/random_number_generator/random_number_generator.runs/synth_1/.Xil/Vivado-12660-MSI/realtime/design_1_pulse_generator_0_0_stub.v:6]
INFO: [Synth 8-6157] synthesizing module 'design_1_reset_generator_0_0' [D:/aio/testcases/mentor/security/proof_of_concept/vivado_design/random_number_generator/random_number_generator.runs/synth_1/.Xil/Vivado-12660-MSI/realtime/design_1_reset_generator_0_0_stub.v:6]
INFO: [Synth 8-6155] done synthesizing module 'design_1_reset_generator_0_0' (3#1) [D:/aio/testcases/mentor/security/proof_of_concept/vivado_design/random_number_generator/random_number_generator.runs/synth_1/.Xil/Vivado-12660-MSI/realtime/design_1_reset_generator_0_0_stub.v:6]
INFO: [Synth 8-6157] synthesizing module 'design_1_rnd_gen_top_0_0' [D:/aio/testcases/mentor/security/proof_of_concept/vivado_design/random_number_generator/random_number_generator.runs/synth_1/.Xil/Vivado-12660-MSI/realtime/design_1_rnd_gen_top_0_0_stub.v:6]
INFO: [Synth 8-6155] done synthesizing module 'design_1_rnd_gen_top_0_0' (4#1) [D:/aio/testcases/mentor/security/proof_of_concept/vivado_design/random_number_generator/random_number_generator.runs/synth_1/.Xil/Vivado-12660-MSI/realtime/design_1_rnd_gen_top_0_0_stub.v:6]
INFO: [Synth 8-6157] synthesizing module 'design_1_util_vector_logic_0_0' [D:/aio/testcases/mentor/security/proof_of_concept/vivado_design/random_number_generator/random_number_generator.runs/synth_1/.Xil/Vivado-12660-MSI/realtime/design_1_util_vector_logic_0_0_stub.v:6]
INFO: [Synth 8-6155] done synthesizing module 'design_1_util_vector_logic_0_0' (5#1) [D:/aio/testcases/mentor/security/proof_of_concept/vivado_design/random_number_generator/random_number_generator.runs/synth_1/.Xil/Vivado-12660-MSI/realtime/design_1_util_vector_logic_0_0_stub.v:6]
INFO: [Synth 8-6157] synthesizing module 'design_1_util_vector_logic_0_1' [D:/aio/testcases/mentor/security/proof_of_concept/vivado_design/random_number_generator/random_number_generator.runs/synth_1/.Xil/Vivado-12660-MSI/realtime/design_1_util_vector_logic_0_1_stub.v:6]
INFO: [Synth 8-6155] done synthesizing module 'design_1_util_vector_logic_0_1' (6#1) [D:/aio/testcases/mentor/security/proof_of_concept/vivado_design/random_number_generator/random_number_generator.runs/synth_1/.Xil/Vivado-12660-MSI/realtime/design_1_util_vector_logic_0_1_stub.v:6]
INFO: [Synth 8-6155] done synthesizing module 'design_1' (7#1) [d:/aio/testcases/mentor/security/proof_of_concept/vivado_design/random_number_generator/random_number_generator.gen/sources_1/bd/design_1/synth/design_1.v:13]
INFO: [Synth 8-6155] done synthesizing module 'design_1_wrapper' (8#1) [d:/aio/testcases/mentor/security/proof_of_concept/vivado_design/random_number_generator/random_number_generator.gen/sources_1/bd/design_1/hdl/design_1_wrapper.v:12]
---------------------------------------------------------------------------------
Finished RTL Elaboration : Time (s): cpu = 00:00:05 ; elapsed = 00:00:05 . Memory (MB): peak = 1001.008 ; gain = 0.000
---------------------------------------------------------------------------------
---------------------------------------------------------------------------------
Start Handling Custom Attributes
---------------------------------------------------------------------------------
---------------------------------------------------------------------------------
Finished Handling Custom Attributes : Time (s): cpu = 00:00:06 ; elapsed = 00:00:06 . Memory (MB): peak = 1001.008 ; gain = 0.000
---------------------------------------------------------------------------------
---------------------------------------------------------------------------------
Finished RTL Optimization Phase 1 : Time (s): cpu = 00:00:06 ; elapsed = 00:00:06 . Memory (MB): peak = 1001.008 ; gain = 0.000
---------------------------------------------------------------------------------
Netlist sorting complete. Time (s): cpu = 00:00:00 ; elapsed = 00:00:00.001 . Memory (MB): peak = 1001.008 ; gain = 0.000
INFO: [Project 1-570] Preparing netlist for logic optimization

Processing XDC Constraints
Initializing timing engine
Parsing XDC File [d:/aio/testcases/mentor/security/proof_of_concept/vivado_design/random_number_generator/random_number_generator.gen/sources_1/bd/design_1/ip/design_1_clk_wiz_0_0/design_1_clk_wiz_0_0/design_1_clk_wiz_0_0_in_context.xdc] for cell 'design_1_i/clk_wiz_0'
Finished Parsing XDC File [d:/aio/testcases/mentor/security/proof_of_concept/vivado_design/random_number_generator/random_number_generator.gen/sources_1/bd/design_1/ip/design_1_clk_wiz_0_0/design_1_clk_wiz_0_0/design_1_clk_wiz_0_0_in_context.xdc] for cell 'design_1_i/clk_wiz_0'
Parsing XDC File [d:/aio/testcases/mentor/security/proof_of_concept/vivado_design/random_number_generator/random_number_generator.gen/sources_1/bd/design_1/ip/design_1_reset_generator_0_0/design_1_reset_generator_0_0/design_1_reset_generator_0_0_in_context.xdc] for cell 'design_1_i/reset_generator_0'
Finished Parsing XDC File [d:/aio/testcases/mentor/security/proof_of_concept/vivado_design/random_number_generator/random_number_generator.gen/sources_1/bd/design_1/ip/design_1_reset_generator_0_0/design_1_reset_generator_0_0/design_1_reset_generator_0_0_in_context.xdc] for cell 'design_1_i/reset_generator_0'
Parsing XDC File [d:/aio/testcases/mentor/security/proof_of_concept/vivado_design/random_number_generator/random_number_generator.gen/sources_1/bd/design_1/ip/design_1_util_vector_logic_0_0/design_1_util_vector_logic_0_0/design_1_util_vector_logic_0_0_in_context.xdc] for cell 'design_1_i/util_vector_logic_0'
Finished Parsing XDC File [d:/aio/testcases/mentor/security/proof_of_concept/vivado_design/random_number_generator/random_number_generator.gen/sources_1/bd/design_1/ip/design_1_util_vector_logic_0_0/design_1_util_vector_logic_0_0/design_1_util_vector_logic_0_0_in_context.xdc] for cell 'design_1_i/util_vector_logic_0'
Parsing XDC File [d:/aio/testcases/mentor/security/proof_of_concept/vivado_design/random_number_generator/random_number_generator.gen/sources_1/bd/design_1/ip/design_1_util_vector_logic_0_1/design_1_util_vector_logic_0_1/design_1_util_vector_logic_0_1_in_context.xdc] for cell 'design_1_i/util_vector_logic_1'
Finished Parsing XDC File [d:/aio/testcases/mentor/security/proof_of_concept/vivado_design/random_number_generator/random_number_generator.gen/sources_1/bd/design_1/ip/design_1_util_vector_logic_0_1/design_1_util_vector_logic_0_1/design_1_util_vector_logic_0_1_in_context.xdc] for cell 'design_1_i/util_vector_logic_1'
Parsing XDC File [d:/aio/testcases/mentor/security/proof_of_concept/vivado_design/random_number_generator/random_number_generator.gen/sources_1/bd/design_1/ip/design_1_rnd_gen_top_0_0/design_1_rnd_gen_top_0_0/design_1_rnd_gen_top_0_0_in_context.xdc] for cell 'design_1_i/rnd_gen_top_0'
Finished Parsing XDC File [d:/aio/testcases/mentor/security/proof_of_concept/vivado_design/random_number_generator/random_number_generator.gen/sources_1/bd/design_1/ip/design_1_rnd_gen_top_0_0/design_1_rnd_gen_top_0_0/design_1_rnd_gen_top_0_0_in_context.xdc] for cell 'design_1_i/rnd_gen_top_0'
Parsing XDC File [d:/aio/testcases/mentor/security/proof_of_concept/vivado_design/random_number_generator/random_number_generator.gen/sources_1/bd/design_1/ip/design_1_pulse_generator_0_0/design_1_pulse_generator_0_0/design_1_pulse_generator_0_0_in_context.xdc] for cell 'design_1_i/pulse_generator_0'
Finished Parsing XDC File [d:/aio/testcases/mentor/security/proof_of_concept/vivado_design/random_number_generator/random_number_generator.gen/sources_1/bd/design_1/ip/design_1_pulse_generator_0_0/design_1_pulse_generator_0_0/design_1_pulse_generator_0_0_in_context.xdc] for cell 'design_1_i/pulse_generator_0'
Parsing XDC File [D:/aio/testcases/mentor/security/proof_of_concept/vivado_design/random_number_generator/random_number_generator.srcs/constrs_1/imports/Xilinx/Cmod-A7-Master IMPROVED.xdc]
Finished Parsing XDC File [D:/aio/testcases/mentor/security/proof_of_concept/vivado_design/random_number_generator/random_number_generator.srcs/constrs_1/imports/Xilinx/Cmod-A7-Master IMPROVED.xdc]
INFO: [Project 1-236] Implementation specific constraints were found while reading constraint file [D:/aio/testcases/mentor/security/proof_of_concept/vivado_design/random_number_generator/random_number_generator.srcs/constrs_1/imports/Xilinx/Cmod-A7-Master IMPROVED.xdc]. These constraints will be ignored for synthesis but will be used in implementation. Impacted constraints are listed in the file [.Xil/design_1_wrapper_propImpl.xdc].
Resolution: To avoid this warning, move constraints listed in [.Xil/design_1_wrapper_propImpl.xdc] to another XDC file and exclude this new file from synthesis with the used_in_synthesis property (File Properties dialog in GUI) and re-run elaboration/synthesis.
Parsing XDC File [D:/aio/testcases/mentor/security/proof_of_concept/vivado_design/random_number_generator/random_number_generator.runs/synth_1/dont_touch.xdc]
Finished Parsing XDC File [D:/aio/testcases/mentor/security/proof_of_concept/vivado_design/random_number_generator/random_number_generator.runs/synth_1/dont_touch.xdc]
Completed Processing XDC Constraints

Netlist sorting complete. Time (s): cpu = 00:00:00 ; elapsed = 00:00:00 . Memory (MB): peak = 1001.008 ; gain = 0.000
INFO: [Project 1-111] Unisim Transformation Summary:
No Unisim elements were transformed.

Constraint Validation Runtime : Time (s): cpu = 00:00:00 ; elapsed = 00:00:00.004 . Memory (MB): peak = 1001.008 ; gain = 0.000
---------------------------------------------------------------------------------
Finished Constraint Validation : Time (s): cpu = 00:00:12 ; elapsed = 00:00:12 . Memory (MB): peak = 1001.008 ; gain = 0.000
---------------------------------------------------------------------------------
---------------------------------------------------------------------------------
Start Loading Part and Timing Information
---------------------------------------------------------------------------------
Loading part: xc7a15tcpg236-1
---------------------------------------------------------------------------------
Finished Loading Part and Timing Information : Time (s): cpu = 00:00:12 ; elapsed = 00:00:12 . Memory (MB): peak = 1001.008 ; gain = 0.000
---------------------------------------------------------------------------------
---------------------------------------------------------------------------------
Start Applying 'set_property' XDC Constraints
---------------------------------------------------------------------------------
Applied set_property IO_BUFFER_TYPE = NONE for sysclk. (constraint file  d:/aio/testcases/mentor/security/proof_of_concept/vivado_design/random_number_generator/random_number_generator.gen/sources_1/bd/design_1/ip/design_1_clk_wiz_0_0/design_1_clk_wiz_0_0/design_1_clk_wiz_0_0_in_context.xdc, line 3).
Applied set_property CLOCK_BUFFER_TYPE = NONE for sysclk. (constraint file  d:/aio/testcases/mentor/security/proof_of_concept/vivado_design/random_number_generator/random_number_generator.gen/sources_1/bd/design_1/ip/design_1_clk_wiz_0_0/design_1_clk_wiz_0_0/design_1_clk_wiz_0_0_in_context.xdc, line 4).
Applied set_property KEEP_HIERARCHY = SOFT for design_1_i. (constraint file  auto generated constraint).
Applied set_property KEEP_HIERARCHY = SOFT for design_1_i/clk_wiz_0. (constraint file  auto generated constraint).
Applied set_property KEEP_HIERARCHY = SOFT for design_1_i/reset_generator_0. (constraint file  auto generated constraint).
Applied set_property KEEP_HIERARCHY = SOFT for design_1_i/util_vector_logic_0. (constraint file  auto generated constraint).
Applied set_property KEEP_HIERARCHY = SOFT for design_1_i/util_vector_logic_1. (constraint file  auto generated constraint).
Applied set_property KEEP_HIERARCHY = SOFT for design_1_i/rnd_gen_top_0. (constraint file  auto generated constraint).
Applied set_property KEEP_HIERARCHY = SOFT for design_1_i/pulse_generator_0. (constraint file  auto generated constraint).
---------------------------------------------------------------------------------
Finished applying 'set_property' XDC Constraints : Time (s): cpu = 00:00:12 ; elapsed = 00:00:12 . Memory (MB): peak = 1001.008 ; gain = 0.000
---------------------------------------------------------------------------------
---------------------------------------------------------------------------------
Finished RTL Optimization Phase 2 : Time (s): cpu = 00:00:12 ; elapsed = 00:00:12 . Memory (MB): peak = 1001.008 ; gain = 0.000
---------------------------------------------------------------------------------
---------------------------------------------------------------------------------
Start RTL Component Statistics 
---------------------------------------------------------------------------------
Detailed RTL Component Info : 
---------------------------------------------------------------------------------
Finished RTL Component Statistics 
---------------------------------------------------------------------------------
---------------------------------------------------------------------------------
Start Part Resource Summary
---------------------------------------------------------------------------------
Part Resources:
DSPs: 45 (col length:60)
BRAMs: 50 (col length: RAMB18 60 RAMB36 30)
---------------------------------------------------------------------------------
Finished Part Resource Summary
---------------------------------------------------------------------------------
---------------------------------------------------------------------------------
Start Cross Boundary and Area Optimization
---------------------------------------------------------------------------------
---------------------------------------------------------------------------------
Finished Cross Boundary and Area Optimization : Time (s): cpu = 00:00:13 ; elapsed = 00:00:14 . Memory (MB): peak = 1001.008 ; gain = 0.000
---------------------------------------------------------------------------------
---------------------------------------------------------------------------------
Start Applying XDC Timing Constraints
---------------------------------------------------------------------------------
---------------------------------------------------------------------------------
Finished Applying XDC Timing Constraints : Time (s): cpu = 00:00:19 ; elapsed = 00:00:19 . Memory (MB): peak = 1001.008 ; gain = 0.000
---------------------------------------------------------------------------------
---------------------------------------------------------------------------------
Start Timing Optimization
---------------------------------------------------------------------------------
---------------------------------------------------------------------------------
Finished Timing Optimization : Time (s): cpu = 00:00:19 ; elapsed = 00:00:19 . Memory (MB): peak = 1001.008 ; gain = 0.000
---------------------------------------------------------------------------------
---------------------------------------------------------------------------------
Start Technology Mapping
---------------------------------------------------------------------------------
---------------------------------------------------------------------------------
Finished Technology Mapping : Time (s): cpu = 00:00:19 ; elapsed = 00:00:19 . Memory (MB): peak = 1001.008 ; gain = 0.000
---------------------------------------------------------------------------------
---------------------------------------------------------------------------------
Start IO Insertion
---------------------------------------------------------------------------------
---------------------------------------------------------------------------------
Start Flattening Before IO Insertion
---------------------------------------------------------------------------------
---------------------------------------------------------------------------------
Finished Flattening Before IO Insertion
---------------------------------------------------------------------------------
---------------------------------------------------------------------------------
Start Final Netlist Cleanup
---------------------------------------------------------------------------------
---------------------------------------------------------------------------------
Finished Final Netlist Cleanup
---------------------------------------------------------------------------------
---------------------------------------------------------------------------------
Finished IO Insertion : Time (s): cpu = 00:00:22 ; elapsed = 00:00:23 . Memory (MB): peak = 1001.008 ; gain = 0.000
---------------------------------------------------------------------------------
---------------------------------------------------------------------------------
Start Renaming Generated Instances
---------------------------------------------------------------------------------
---------------------------------------------------------------------------------
Finished Renaming Generated Instances : Time (s): cpu = 00:00:22 ; elapsed = 00:00:23 . Memory (MB): peak = 1001.008 ; gain = 0.000
---------------------------------------------------------------------------------
---------------------------------------------------------------------------------
Start Rebuilding User Hierarchy
---------------------------------------------------------------------------------
---------------------------------------------------------------------------------
Finished Rebuilding User Hierarchy : Time (s): cpu = 00:00:22 ; elapsed = 00:00:23 . Memory (MB): peak = 1001.008 ; gain = 0.000
---------------------------------------------------------------------------------
---------------------------------------------------------------------------------
Start Renaming Generated Ports
---------------------------------------------------------------------------------
---------------------------------------------------------------------------------
Finished Renaming Generated Ports : Time (s): cpu = 00:00:22 ; elapsed = 00:00:23 . Memory (MB): peak = 1001.008 ; gain = 0.000
---------------------------------------------------------------------------------
---------------------------------------------------------------------------------
Start Handling Custom Attributes
---------------------------------------------------------------------------------
---------------------------------------------------------------------------------
Finished Handling Custom Attributes : Time (s): cpu = 00:00:22 ; elapsed = 00:00:23 . Memory (MB): peak = 1001.008 ; gain = 0.000
---------------------------------------------------------------------------------
---------------------------------------------------------------------------------
Start Renaming Generated Nets
---------------------------------------------------------------------------------
---------------------------------------------------------------------------------
Finished Renaming Generated Nets : Time (s): cpu = 00:00:22 ; elapsed = 00:00:23 . Memory (MB): peak = 1001.008 ; gain = 0.000
---------------------------------------------------------------------------------
---------------------------------------------------------------------------------
Start Writing Synthesis Report
---------------------------------------------------------------------------------

Report BlackBoxes: 
+------+-------------------------------+----------+
|      |BlackBox name                  |Instances |
+------+-------------------------------+----------+
|1     |design_1_clk_wiz_0_0           |         1|
|2     |design_1_pulse_generator_0_0   |         1|
|3     |design_1_reset_generator_0_0   |         1|
|4     |design_1_rnd_gen_top_0_0       |         1|
|5     |design_1_util_vector_logic_0_0 |         1|
|6     |design_1_util_vector_logic_0_1 |         1|
+------+-------------------------------+----------+

Report Cell Usage: 
+------+-----------------------------+------+
|      |Cell                         |Count |
+------+-----------------------------+------+
|1     |design_1_clk_wiz_0           |     1|
|2     |design_1_pulse_generator_0   |     1|
|3     |design_1_reset_generator_0   |     1|
|4     |design_1_rnd_gen_top_0       |     1|
|5     |design_1_util_vector_logic_0 |     2|
|7     |IBUF                         |     2|
|8     |OBUF                         |    19|
+------+-----------------------------+------+
---------------------------------------------------------------------------------
Finished Writing Synthesis Report : Time (s): cpu = 00:00:22 ; elapsed = 00:00:23 . Memory (MB): peak = 1001.008 ; gain = 0.000
---------------------------------------------------------------------------------
Synthesis finished with 0 errors, 0 critical warnings and 0 warnings.
Synthesis Optimization Runtime : Time (s): cpu = 00:00:14 ; elapsed = 00:00:21 . Memory (MB): peak = 1001.008 ; gain = 0.000
Synthesis Optimization Complete : Time (s): cpu = 00:00:22 ; elapsed = 00:00:23 . Memory (MB): peak = 1001.008 ; gain = 0.000
INFO: [Project 1-571] Translating synthesized netlist
Netlist sorting complete. Time (s): cpu = 00:00:00 ; elapsed = 00:00:00 . Memory (MB): peak = 1001.008 ; gain = 0.000
INFO: [Project 1-570] Preparing netlist for logic optimization
INFO: [Opt 31-138] Pushed 0 inverter(s) to 0 load pin(s).
Netlist sorting complete. Time (s): cpu = 00:00:00 ; elapsed = 00:00:00 . Memory (MB): peak = 1001.008 ; gain = 0.000
INFO: [Project 1-111] Unisim Transformation Summary:
No Unisim elements were transformed.

INFO: [Common 17-83] Releasing license: Synthesis
32 Infos, 0 Warnings, 0 Critical Warnings and 0 Errors encountered.
synth_design completed successfully
synth_design: Time (s): cpu = 00:00:27 ; elapsed = 00:00:30 . Memory (MB): peak = 1001.008 ; gain = 0.000
INFO: [Common 17-1381] The checkpoint 'D:/aio/testcases/mentor/security/proof_of_concept/vivado_design/random_number_generator/random_number_generator.runs/synth_1/design_1_wrapper.dcp' has been generated.
INFO: [runtcl-4] Executing : report_utilization -file design_1_wrapper_utilization_synth.rpt -pb design_1_wrapper_utilization_synth.pb
INFO: [Common 17-206] Exiting Vivado at Wed Jun  2 11:03:00 2021...
