srcscan starts
=============== Using vdb files for VHDL std libs ===========
INFO: The vhdl library search path for library "std" is now "C:/Xilinx/Vivado/2021.1/data/precomp_hsv/vhdl/std" (VHDL-1505)
INFO: The vhdl library search path for library "synopsys" is now "C:/Xilinx/Vivado/2021.1/data/precomp_hsv/vhdl/synopsys" (VHDL-1505)
INFO: The vhdl library search path for library "ieee" is now "C:/Xilinx/Vivado/2021.1/data/precomp_hsv/vhdl/ieee" (VHDL-1505)
INFO: The vhdl library search path for library "unimacro" is now "C:/Xilinx/Vivado/2021.1/data/precomp_hsv/vhdl/unimacro" (VHDL-1505)
INFO: The vhdl library search path for library "unisim" is now "C:/Xilinx/Vivado/2021.1/data/precomp_hsv/vhdl/unisim" (VHDL-1505)
INFO: The vhdl library search path for library "vl" is now "C:/Xilinx/Vivado/2021.1/data/precomp_hsv/vhdl/vl" (VHDL-1505)
INFO: The vhdl library search path for library "xpm" is now "C:/Xilinx/Vivado/2021.1/data/precomp_hsv/vhdl/xpm" (VHDL-1505)
INFO: analyzing module design_1_r2o_generic_v2_0_0 (VERI-9002)
INFO: analyzing module design_1_r2o_generic_v2_0_0_r2o_generic_v2 (VERI-9002)
INFO: analyzing module design_1_r2o_generic_v2_0_0_ro_inv (VERI-9002)
INFO: analyzing module design_1_r2o_generic_v2_0_0_ro_inv__1 (VERI-9002)
INFO: analyzing module design_1_r2o_generic_v2_0_0_ro_inv__10 (VERI-9002)
INFO: analyzing module design_1_r2o_generic_v2_0_0_ro_inv__11 (VERI-9002)
INFO: analyzing module design_1_r2o_generic_v2_0_0_ro_inv__12 (VERI-9002)
INFO: analyzing module design_1_r2o_generic_v2_0_0_ro_inv__13 (VERI-9002)
INFO: analyzing module design_1_r2o_generic_v2_0_0_ro_inv__14 (VERI-9002)
INFO: analyzing module design_1_r2o_generic_v2_0_0_ro_inv__15 (VERI-9002)
INFO: analyzing module design_1_r2o_generic_v2_0_0_ro_inv__16 (VERI-9002)
INFO: analyzing module design_1_r2o_generic_v2_0_0_ro_inv__17 (VERI-9002)
INFO: analyzing module design_1_r2o_generic_v2_0_0_ro_inv__18 (VERI-9002)
INFO: analyzing module design_1_r2o_generic_v2_0_0_ro_inv__19 (VERI-9002)
INFO: analyzing module design_1_r2o_generic_v2_0_0_ro_inv__2 (VERI-9002)
INFO: analyzing module design_1_r2o_generic_v2_0_0_ro_inv__20 (VERI-9002)
INFO: analyzing module design_1_r2o_generic_v2_0_0_ro_inv__21 (VERI-9002)
INFO: analyzing module design_1_r2o_generic_v2_0_0_ro_inv__22 (VERI-9002)
INFO: analyzing module design_1_r2o_generic_v2_0_0_ro_inv__23 (VERI-9002)
INFO: analyzing module design_1_r2o_generic_v2_0_0_ro_inv__24 (VERI-9002)
INFO: analyzing module design_1_r2o_generic_v2_0_0_ro_inv__25 (VERI-9002)
INFO: analyzing module design_1_r2o_generic_v2_0_0_ro_inv__26 (VERI-9002)
INFO: analyzing module design_1_r2o_generic_v2_0_0_ro_inv__27 (VERI-9002)
INFO: analyzing module design_1_r2o_generic_v2_0_0_ro_inv__28 (VERI-9002)
INFO: analyzing module design_1_r2o_generic_v2_0_0_ro_inv__29 (VERI-9002)
INFO: analyzing module design_1_r2o_generic_v2_0_0_ro_inv__3 (VERI-9002)
INFO: analyzing module design_1_r2o_generic_v2_0_0_ro_inv__30 (VERI-9002)
INFO: analyzing module design_1_r2o_generic_v2_0_0_ro_inv__31 (VERI-9002)
INFO: analyzing module design_1_r2o_generic_v2_0_0_ro_inv__32 (VERI-9002)
INFO: analyzing module design_1_r2o_generic_v2_0_0_ro_inv__33 (VERI-9002)
INFO: analyzing module design_1_r2o_generic_v2_0_0_ro_inv__34 (VERI-9002)
INFO: analyzing module design_1_r2o_generic_v2_0_0_ro_inv__35 (VERI-9002)
INFO: analyzing module design_1_r2o_generic_v2_0_0_ro_inv__36 (VERI-9002)
INFO: analyzing module design_1_r2o_generic_v2_0_0_ro_inv__37 (VERI-9002)
INFO: analyzing module design_1_r2o_generic_v2_0_0_ro_inv__38 (VERI-9002)
INFO: analyzing module design_1_r2o_generic_v2_0_0_ro_inv__39 (VERI-9002)
INFO: analyzing module design_1_r2o_generic_v2_0_0_ro_inv__4 (VERI-9002)
INFO: analyzing module design_1_r2o_generic_v2_0_0_ro_inv__40 (VERI-9002)
INFO: analyzing module design_1_r2o_generic_v2_0_0_ro_inv__41 (VERI-9002)
INFO: analyzing module design_1_r2o_generic_v2_0_0_ro_inv__42 (VERI-9002)
INFO: analyzing module design_1_r2o_generic_v2_0_0_ro_inv__43 (VERI-9002)
INFO: analyzing module design_1_r2o_generic_v2_0_0_ro_inv__44 (VERI-9002)
INFO: analyzing module design_1_r2o_generic_v2_0_0_ro_inv__45 (VERI-9002)
INFO: analyzing module design_1_r2o_generic_v2_0_0_ro_inv__46 (VERI-9002)
INFO: analyzing module design_1_r2o_generic_v2_0_0_ro_inv__47 (VERI-9002)
INFO: analyzing module design_1_r2o_generic_v2_0_0_ro_inv__48 (VERI-9002)
INFO: analyzing module design_1_r2o_generic_v2_0_0_ro_inv__49 (VERI-9002)
INFO: analyzing module design_1_r2o_generic_v2_0_0_ro_inv__5 (VERI-9002)
INFO: analyzing module design_1_r2o_generic_v2_0_0_ro_inv__50 (VERI-9002)
INFO: analyzing module design_1_r2o_generic_v2_0_0_ro_inv__51 (VERI-9002)
INFO: analyzing module design_1_r2o_generic_v2_0_0_ro_inv__52 (VERI-9002)
INFO: analyzing module design_1_r2o_generic_v2_0_0_ro_inv__53 (VERI-9002)
INFO: analyzing module design_1_r2o_generic_v2_0_0_ro_inv__54 (VERI-9002)
INFO: analyzing module design_1_r2o_generic_v2_0_0_ro_inv__55 (VERI-9002)
INFO: analyzing module design_1_r2o_generic_v2_0_0_ro_inv__56 (VERI-9002)
INFO: analyzing module design_1_r2o_generic_v2_0_0_ro_inv__57 (VERI-9002)
INFO: analyzing module design_1_r2o_generic_v2_0_0_ro_inv__58 (VERI-9002)
INFO: analyzing module design_1_r2o_generic_v2_0_0_ro_inv__59 (VERI-9002)
INFO: analyzing module design_1_r2o_generic_v2_0_0_ro_inv__6 (VERI-9002)
INFO: analyzing module design_1_r2o_generic_v2_0_0_ro_inv__60 (VERI-9002)
INFO: analyzing module design_1_r2o_generic_v2_0_0_ro_inv__61 (VERI-9002)
INFO: analyzing module design_1_r2o_generic_v2_0_0_ro_inv__62 (VERI-9002)
INFO: analyzing module design_1_r2o_generic_v2_0_0_ro_inv__63 (VERI-9002)
INFO: analyzing module design_1_r2o_generic_v2_0_0_ro_inv__7 (VERI-9002)
INFO: analyzing module design_1_r2o_generic_v2_0_0_ro_inv__8 (VERI-9002)
INFO: analyzing module design_1_r2o_generic_v2_0_0_ro_inv__9 (VERI-9002)
INFO: analyzing module design_1_r2o_generic_v2_0_0_ro_latch (VERI-9002)
INFO: analyzing module design_1_r2o_generic_v2_0_0_ro_latch__1 (VERI-9002)
INFO: analyzing module design_1_r2o_generic_v2_0_0_ro_latch__10 (VERI-9002)
INFO: analyzing module design_1_r2o_generic_v2_0_0_ro_latch__11 (VERI-9002)
INFO: analyzing module design_1_r2o_generic_v2_0_0_ro_latch__12 (VERI-9002)
INFO: analyzing module design_1_r2o_generic_v2_0_0_ro_latch__13 (VERI-9002)
INFO: analyzing module design_1_r2o_generic_v2_0_0_ro_latch__14 (VERI-9002)
INFO: analyzing module design_1_r2o_generic_v2_0_0_ro_latch__15 (VERI-9002)
INFO: analyzing module design_1_r2o_generic_v2_0_0_ro_latch__16 (VERI-9002)
INFO: analyzing module design_1_r2o_generic_v2_0_0_ro_latch__17 (VERI-9002)
INFO: analyzing module design_1_r2o_generic_v2_0_0_ro_latch__18 (VERI-9002)
INFO: analyzing module design_1_r2o_generic_v2_0_0_ro_latch__19 (VERI-9002)
INFO: analyzing module design_1_r2o_generic_v2_0_0_ro_latch__2 (VERI-9002)
INFO: analyzing module design_1_r2o_generic_v2_0_0_ro_latch__20 (VERI-9002)
INFO: analyzing module design_1_r2o_generic_v2_0_0_ro_latch__21 (VERI-9002)
INFO: analyzing module design_1_r2o_generic_v2_0_0_ro_latch__22 (VERI-9002)
INFO: analyzing module design_1_r2o_generic_v2_0_0_ro_latch__23 (VERI-9002)
INFO: analyzing module design_1_r2o_generic_v2_0_0_ro_latch__24 (VERI-9002)
INFO: analyzing module design_1_r2o_generic_v2_0_0_ro_latch__25 (VERI-9002)
INFO: analyzing module design_1_r2o_generic_v2_0_0_ro_latch__26 (VERI-9002)
INFO: analyzing module design_1_r2o_generic_v2_0_0_ro_latch__27 (VERI-9002)
INFO: analyzing module design_1_r2o_generic_v2_0_0_ro_latch__28 (VERI-9002)
INFO: analyzing module design_1_r2o_generic_v2_0_0_ro_latch__29 (VERI-9002)
INFO: analyzing module design_1_r2o_generic_v2_0_0_ro_latch__3 (VERI-9002)
INFO: analyzing module design_1_r2o_generic_v2_0_0_ro_latch__30 (VERI-9002)
INFO: analyzing module design_1_r2o_generic_v2_0_0_ro_latch__31 (VERI-9002)
INFO: analyzing module design_1_r2o_generic_v2_0_0_ro_latch__32 (VERI-9002)
INFO: analyzing module design_1_r2o_generic_v2_0_0_ro_latch__33 (VERI-9002)
INFO: analyzing module design_1_r2o_generic_v2_0_0_ro_latch__34 (VERI-9002)
INFO: analyzing module design_1_r2o_generic_v2_0_0_ro_latch__35 (VERI-9002)
INFO: analyzing module design_1_r2o_generic_v2_0_0_ro_latch__36 (VERI-9002)
INFO: analyzing module design_1_r2o_generic_v2_0_0_ro_latch__37 (VERI-9002)
INFO: analyzing module design_1_r2o_generic_v2_0_0_ro_latch__38 (VERI-9002)
INFO: analyzing module design_1_r2o_generic_v2_0_0_ro_latch__39 (VERI-9002)
INFO: analyzing module design_1_r2o_generic_v2_0_0_ro_latch__4 (VERI-9002)
INFO: analyzing module design_1_r2o_generic_v2_0_0_ro_latch__40 (VERI-9002)
INFO: analyzing module design_1_r2o_generic_v2_0_0_ro_latch__41 (VERI-9002)
INFO: analyzing module design_1_r2o_generic_v2_0_0_ro_latch__42 (VERI-9002)
INFO: analyzing module design_1_r2o_generic_v2_0_0_ro_latch__43 (VERI-9002)
INFO: analyzing module design_1_r2o_generic_v2_0_0_ro_latch__44 (VERI-9002)
INFO: analyzing module design_1_r2o_generic_v2_0_0_ro_latch__45 (VERI-9002)
INFO: analyzing module design_1_r2o_generic_v2_0_0_ro_latch__46 (VERI-9002)
INFO: analyzing module design_1_r2o_generic_v2_0_0_ro_latch__47 (VERI-9002)
INFO: analyzing module design_1_r2o_generic_v2_0_0_ro_latch__48 (VERI-9002)
INFO: analyzing module design_1_r2o_generic_v2_0_0_ro_latch__49 (VERI-9002)
INFO: analyzing module design_1_r2o_generic_v2_0_0_ro_latch__5 (VERI-9002)
INFO: analyzing module design_1_r2o_generic_v2_0_0_ro_latch__50 (VERI-9002)
INFO: analyzing module design_1_r2o_generic_v2_0_0_ro_latch__51 (VERI-9002)
INFO: analyzing module design_1_r2o_generic_v2_0_0_ro_latch__52 (VERI-9002)
INFO: analyzing module design_1_r2o_generic_v2_0_0_ro_latch__53 (VERI-9002)
INFO: analyzing module design_1_r2o_generic_v2_0_0_ro_latch__54 (VERI-9002)
INFO: analyzing module design_1_r2o_generic_v2_0_0_ro_latch__55 (VERI-9002)
INFO: analyzing module design_1_r2o_generic_v2_0_0_ro_latch__56 (VERI-9002)
INFO: analyzing module design_1_r2o_generic_v2_0_0_ro_latch__57 (VERI-9002)
INFO: analyzing module design_1_r2o_generic_v2_0_0_ro_latch__58 (VERI-9002)
INFO: analyzing module design_1_r2o_generic_v2_0_0_ro_latch__59 (VERI-9002)
INFO: analyzing module design_1_r2o_generic_v2_0_0_ro_latch__6 (VERI-9002)
INFO: analyzing module design_1_r2o_generic_v2_0_0_ro_latch__60 (VERI-9002)
INFO: analyzing module design_1_r2o_generic_v2_0_0_ro_latch__61 (VERI-9002)
INFO: analyzing module design_1_r2o_generic_v2_0_0_ro_latch__62 (VERI-9002)
INFO: analyzing module design_1_r2o_generic_v2_0_0_ro_latch__63 (VERI-9002)
INFO: analyzing module design_1_r2o_generic_v2_0_0_ro_latch__7 (VERI-9002)
INFO: analyzing module design_1_r2o_generic_v2_0_0_ro_latch__8 (VERI-9002)
INFO: analyzing module design_1_r2o_generic_v2_0_0_ro_latch__9 (VERI-9002)
INFO: analyzing module glbl (VERI-9002)
INFO: analyzing module r2o_generic_v2 (VERI-9002)
INFO: analyzing module ro2_generic (VERI-9002)
INFO: analyzing module ro_inv (VERI-9002)
INFO: analyzing module ro_latch (VERI-9002)
INFO: analyzing module ro_ff (VERI-9002)
-- Analyzing VHDL file "c:/Users/mtrawka/Documents/aio/testcases/mentor/security/proof_of_concept/vivado_design/random_number_gen_RTL/random_number_gen_RTL.gen/sources_1/bd/design_1/ip/design_1_r2o_generic_v2_0_0/design_1_r2o_generic_v2_0_0_sim_netlist.vhdl" into library xil_defaultlib (VHDL-9003)
INFO: analyzing entity 'design_1_r2o_generic_v2_0_0_ro_latch' (VHDL-1012)
INFO: analyzing architecture 'STRUCTURE' of entity 'design_1_r2o_generic_v2_0_0_ro_latch' (VHDL-9006)
INFO: analyzing entity '\design_1_r2o_generic_v2_0_0_ro_latch__1\' (VHDL-1012)
INFO: analyzing architecture 'STRUCTURE' of entity '\design_1_r2o_generic_v2_0_0_ro_latch__1\' (VHDL-9006)
INFO: analyzing entity '\design_1_r2o_generic_v2_0_0_ro_latch__10\' (VHDL-1012)
INFO: analyzing architecture 'STRUCTURE' of entity '\design_1_r2o_generic_v2_0_0_ro_latch__10\' (VHDL-9006)
INFO: analyzing entity '\design_1_r2o_generic_v2_0_0_ro_latch__11\' (VHDL-1012)
INFO: analyzing architecture 'STRUCTURE' of entity '\design_1_r2o_generic_v2_0_0_ro_latch__11\' (VHDL-9006)
INFO: analyzing entity '\design_1_r2o_generic_v2_0_0_ro_latch__12\' (VHDL-1012)
INFO: analyzing architecture 'STRUCTURE' of entity '\design_1_r2o_generic_v2_0_0_ro_latch__12\' (VHDL-9006)
INFO: analyzing entity '\design_1_r2o_generic_v2_0_0_ro_latch__13\' (VHDL-1012)
INFO: analyzing architecture 'STRUCTURE' of entity '\design_1_r2o_generic_v2_0_0_ro_latch__13\' (VHDL-9006)
INFO: analyzing entity '\design_1_r2o_generic_v2_0_0_ro_latch__14\' (VHDL-1012)
INFO: analyzing architecture 'STRUCTURE' of entity '\design_1_r2o_generic_v2_0_0_ro_latch__14\' (VHDL-9006)
INFO: analyzing entity '\design_1_r2o_generic_v2_0_0_ro_latch__15\' (VHDL-1012)
INFO: analyzing architecture 'STRUCTURE' of entity '\design_1_r2o_generic_v2_0_0_ro_latch__15\' (VHDL-9006)
INFO: analyzing entity '\design_1_r2o_generic_v2_0_0_ro_latch__16\' (VHDL-1012)
INFO: analyzing architecture 'STRUCTURE' of entity '\design_1_r2o_generic_v2_0_0_ro_latch__16\' (VHDL-9006)
INFO: analyzing entity '\design_1_r2o_generic_v2_0_0_ro_latch__17\' (VHDL-1012)
INFO: analyzing architecture 'STRUCTURE' of entity '\design_1_r2o_generic_v2_0_0_ro_latch__17\' (VHDL-9006)
INFO: analyzing entity '\design_1_r2o_generic_v2_0_0_ro_latch__18\' (VHDL-1012)
INFO: analyzing architecture 'STRUCTURE' of entity '\design_1_r2o_generic_v2_0_0_ro_latch__18\' (VHDL-9006)
INFO: analyzing entity '\design_1_r2o_generic_v2_0_0_ro_latch__19\' (VHDL-1012)
INFO: analyzing architecture 'STRUCTURE' of entity '\design_1_r2o_generic_v2_0_0_ro_latch__19\' (VHDL-9006)
INFO: analyzing entity '\design_1_r2o_generic_v2_0_0_ro_latch__2\' (VHDL-1012)
INFO: analyzing architecture 'STRUCTURE' of entity '\design_1_r2o_generic_v2_0_0_ro_latch__2\' (VHDL-9006)
INFO: analyzing entity '\design_1_r2o_generic_v2_0_0_ro_latch__20\' (VHDL-1012)
INFO: analyzing architecture 'STRUCTURE' of entity '\design_1_r2o_generic_v2_0_0_ro_latch__20\' (VHDL-9006)
INFO: analyzing entity '\design_1_r2o_generic_v2_0_0_ro_latch__21\' (VHDL-1012)
INFO: analyzing architecture 'STRUCTURE' of entity '\design_1_r2o_generic_v2_0_0_ro_latch__21\' (VHDL-9006)
INFO: analyzing entity '\design_1_r2o_generic_v2_0_0_ro_latch__22\' (VHDL-1012)
INFO: analyzing architecture 'STRUCTURE' of entity '\design_1_r2o_generic_v2_0_0_ro_latch__22\' (VHDL-9006)
INFO: analyzing entity '\design_1_r2o_generic_v2_0_0_ro_latch__23\' (VHDL-1012)
INFO: analyzing architecture 'STRUCTURE' of entity '\design_1_r2o_generic_v2_0_0_ro_latch__23\' (VHDL-9006)
INFO: analyzing entity '\design_1_r2o_generic_v2_0_0_ro_latch__24\' (VHDL-1012)
INFO: analyzing architecture 'STRUCTURE' of entity '\design_1_r2o_generic_v2_0_0_ro_latch__24\' (VHDL-9006)
INFO: analyzing entity '\design_1_r2o_generic_v2_0_0_ro_latch__25\' (VHDL-1012)
INFO: analyzing architecture 'STRUCTURE' of entity '\design_1_r2o_generic_v2_0_0_ro_latch__25\' (VHDL-9006)
INFO: analyzing entity '\design_1_r2o_generic_v2_0_0_ro_latch__26\' (VHDL-1012)
INFO: analyzing architecture 'STRUCTURE' of entity '\design_1_r2o_generic_v2_0_0_ro_latch__26\' (VHDL-9006)
INFO: analyzing entity '\design_1_r2o_generic_v2_0_0_ro_latch__27\' (VHDL-1012)
INFO: analyzing architecture 'STRUCTURE' of entity '\design_1_r2o_generic_v2_0_0_ro_latch__27\' (VHDL-9006)
INFO: analyzing entity '\design_1_r2o_generic_v2_0_0_ro_latch__28\' (VHDL-1012)
INFO: analyzing architecture 'STRUCTURE' of entity '\design_1_r2o_generic_v2_0_0_ro_latch__28\' (VHDL-9006)
INFO: analyzing entity '\design_1_r2o_generic_v2_0_0_ro_latch__29\' (VHDL-1012)
INFO: analyzing architecture 'STRUCTURE' of entity '\design_1_r2o_generic_v2_0_0_ro_latch__29\' (VHDL-9006)
INFO: analyzing entity '\design_1_r2o_generic_v2_0_0_ro_latch__3\' (VHDL-1012)
INFO: analyzing architecture 'STRUCTURE' of entity '\design_1_r2o_generic_v2_0_0_ro_latch__3\' (VHDL-9006)
INFO: analyzing entity '\design_1_r2o_generic_v2_0_0_ro_latch__30\' (VHDL-1012)
INFO: analyzing architecture 'STRUCTURE' of entity '\design_1_r2o_generic_v2_0_0_ro_latch__30\' (VHDL-9006)
INFO: analyzing entity '\design_1_r2o_generic_v2_0_0_ro_latch__31\' (VHDL-1012)
INFO: analyzing architecture 'STRUCTURE' of entity '\design_1_r2o_generic_v2_0_0_ro_latch__31\' (VHDL-9006)
INFO: analyzing entity '\design_1_r2o_generic_v2_0_0_ro_latch__32\' (VHDL-1012)
INFO: analyzing architecture 'STRUCTURE' of entity '\design_1_r2o_generic_v2_0_0_ro_latch__32\' (VHDL-9006)
INFO: analyzing entity '\design_1_r2o_generic_v2_0_0_ro_latch__33\' (VHDL-1012)
INFO: analyzing architecture 'STRUCTURE' of entity '\design_1_r2o_generic_v2_0_0_ro_latch__33\' (VHDL-9006)
INFO: analyzing entity '\design_1_r2o_generic_v2_0_0_ro_latch__34\' (VHDL-1012)
INFO: analyzing architecture 'STRUCTURE' of entity '\design_1_r2o_generic_v2_0_0_ro_latch__34\' (VHDL-9006)
INFO: analyzing entity '\design_1_r2o_generic_v2_0_0_ro_latch__35\' (VHDL-1012)
INFO: analyzing architecture 'STRUCTURE' of entity '\design_1_r2o_generic_v2_0_0_ro_latch__35\' (VHDL-9006)
INFO: analyzing entity '\design_1_r2o_generic_v2_0_0_ro_latch__36\' (VHDL-1012)
INFO: analyzing architecture 'STRUCTURE' of entity '\design_1_r2o_generic_v2_0_0_ro_latch__36\' (VHDL-9006)
INFO: analyzing entity '\design_1_r2o_generic_v2_0_0_ro_latch__37\' (VHDL-1012)
INFO: analyzing architecture 'STRUCTURE' of entity '\design_1_r2o_generic_v2_0_0_ro_latch__37\' (VHDL-9006)
INFO: analyzing entity '\design_1_r2o_generic_v2_0_0_ro_latch__38\' (VHDL-1012)
INFO: analyzing architecture 'STRUCTURE' of entity '\design_1_r2o_generic_v2_0_0_ro_latch__38\' (VHDL-9006)
INFO: analyzing entity '\design_1_r2o_generic_v2_0_0_ro_latch__39\' (VHDL-1012)
INFO: analyzing architecture 'STRUCTURE' of entity '\design_1_r2o_generic_v2_0_0_ro_latch__39\' (VHDL-9006)
INFO: analyzing entity '\design_1_r2o_generic_v2_0_0_ro_latch__4\' (VHDL-1012)
INFO: analyzing architecture 'STRUCTURE' of entity '\design_1_r2o_generic_v2_0_0_ro_latch__4\' (VHDL-9006)
INFO: analyzing entity '\design_1_r2o_generic_v2_0_0_ro_latch__40\' (VHDL-1012)
INFO: analyzing architecture 'STRUCTURE' of entity '\design_1_r2o_generic_v2_0_0_ro_latch__40\' (VHDL-9006)
INFO: analyzing entity '\design_1_r2o_generic_v2_0_0_ro_latch__41\' (VHDL-1012)
INFO: analyzing architecture 'STRUCTURE' of entity '\design_1_r2o_generic_v2_0_0_ro_latch__41\' (VHDL-9006)
INFO: analyzing entity '\design_1_r2o_generic_v2_0_0_ro_latch__42\' (VHDL-1012)
INFO: analyzing architecture 'STRUCTURE' of entity '\design_1_r2o_generic_v2_0_0_ro_latch__42\' (VHDL-9006)
INFO: analyzing entity '\design_1_r2o_generic_v2_0_0_ro_latch__43\' (VHDL-1012)
INFO: analyzing architecture 'STRUCTURE' of entity '\design_1_r2o_generic_v2_0_0_ro_latch__43\' (VHDL-9006)
INFO: analyzing entity '\design_1_r2o_generic_v2_0_0_ro_latch__44\' (VHDL-1012)
INFO: analyzing architecture 'STRUCTURE' of entity '\design_1_r2o_generic_v2_0_0_ro_latch__44\' (VHDL-9006)
INFO: analyzing entity '\design_1_r2o_generic_v2_0_0_ro_latch__45\' (VHDL-1012)
INFO: analyzing architecture 'STRUCTURE' of entity '\design_1_r2o_generic_v2_0_0_ro_latch__45\' (VHDL-9006)
INFO: analyzing entity '\design_1_r2o_generic_v2_0_0_ro_latch__46\' (VHDL-1012)
INFO: analyzing architecture 'STRUCTURE' of entity '\design_1_r2o_generic_v2_0_0_ro_latch__46\' (VHDL-9006)
INFO: analyzing entity '\design_1_r2o_generic_v2_0_0_ro_latch__47\' (VHDL-1012)
INFO: analyzing architecture 'STRUCTURE' of entity '\design_1_r2o_generic_v2_0_0_ro_latch__47\' (VHDL-9006)
INFO: analyzing entity '\design_1_r2o_generic_v2_0_0_ro_latch__48\' (VHDL-1012)
INFO: analyzing architecture 'STRUCTURE' of entity '\design_1_r2o_generic_v2_0_0_ro_latch__48\' (VHDL-9006)
INFO: analyzing entity '\design_1_r2o_generic_v2_0_0_ro_latch__49\' (VHDL-1012)
INFO: analyzing architecture 'STRUCTURE' of entity '\design_1_r2o_generic_v2_0_0_ro_latch__49\' (VHDL-9006)
INFO: analyzing entity '\design_1_r2o_generic_v2_0_0_ro_latch__5\' (VHDL-1012)
INFO: analyzing architecture 'STRUCTURE' of entity '\design_1_r2o_generic_v2_0_0_ro_latch__5\' (VHDL-9006)
INFO: analyzing entity '\design_1_r2o_generic_v2_0_0_ro_latch__50\' (VHDL-1012)
INFO: analyzing architecture 'STRUCTURE' of entity '\design_1_r2o_generic_v2_0_0_ro_latch__50\' (VHDL-9006)
INFO: analyzing entity '\design_1_r2o_generic_v2_0_0_ro_latch__51\' (VHDL-1012)
INFO: analyzing architecture 'STRUCTURE' of entity '\design_1_r2o_generic_v2_0_0_ro_latch__51\' (VHDL-9006)
INFO: analyzing entity '\design_1_r2o_generic_v2_0_0_ro_latch__52\' (VHDL-1012)
INFO: analyzing architecture 'STRUCTURE' of entity '\design_1_r2o_generic_v2_0_0_ro_latch__52\' (VHDL-9006)
INFO: analyzing entity '\design_1_r2o_generic_v2_0_0_ro_latch__53\' (VHDL-1012)
INFO: analyzing architecture 'STRUCTURE' of entity '\design_1_r2o_generic_v2_0_0_ro_latch__53\' (VHDL-9006)
INFO: analyzing entity '\design_1_r2o_generic_v2_0_0_ro_latch__54\' (VHDL-1012)
INFO: analyzing architecture 'STRUCTURE' of entity '\design_1_r2o_generic_v2_0_0_ro_latch__54\' (VHDL-9006)
INFO: analyzing entity '\design_1_r2o_generic_v2_0_0_ro_latch__55\' (VHDL-1012)
INFO: analyzing architecture 'STRUCTURE' of entity '\design_1_r2o_generic_v2_0_0_ro_latch__55\' (VHDL-9006)
INFO: analyzing entity '\design_1_r2o_generic_v2_0_0_ro_latch__56\' (VHDL-1012)
INFO: analyzing architecture 'STRUCTURE' of entity '\design_1_r2o_generic_v2_0_0_ro_latch__56\' (VHDL-9006)
INFO: analyzing entity '\design_1_r2o_generic_v2_0_0_ro_latch__57\' (VHDL-1012)
INFO: analyzing architecture 'STRUCTURE' of entity '\design_1_r2o_generic_v2_0_0_ro_latch__57\' (VHDL-9006)
INFO: analyzing entity '\design_1_r2o_generic_v2_0_0_ro_latch__58\' (VHDL-1012)
INFO: analyzing architecture 'STRUCTURE' of entity '\design_1_r2o_generic_v2_0_0_ro_latch__58\' (VHDL-9006)
INFO: analyzing entity '\design_1_r2o_generic_v2_0_0_ro_latch__59\' (VHDL-1012)
INFO: analyzing architecture 'STRUCTURE' of entity '\design_1_r2o_generic_v2_0_0_ro_latch__59\' (VHDL-9006)
INFO: analyzing entity '\design_1_r2o_generic_v2_0_0_ro_latch__6\' (VHDL-1012)
INFO: analyzing architecture 'STRUCTURE' of entity '\design_1_r2o_generic_v2_0_0_ro_latch__6\' (VHDL-9006)
INFO: analyzing entity '\design_1_r2o_generic_v2_0_0_ro_latch__60\' (VHDL-1012)
INFO: analyzing architecture 'STRUCTURE' of entity '\design_1_r2o_generic_v2_0_0_ro_latch__60\' (VHDL-9006)
INFO: analyzing entity '\design_1_r2o_generic_v2_0_0_ro_latch__61\' (VHDL-1012)
INFO: analyzing architecture 'STRUCTURE' of entity '\design_1_r2o_generic_v2_0_0_ro_latch__61\' (VHDL-9006)
INFO: analyzing entity '\design_1_r2o_generic_v2_0_0_ro_latch__62\' (VHDL-1012)
INFO: analyzing architecture 'STRUCTURE' of entity '\design_1_r2o_generic_v2_0_0_ro_latch__62\' (VHDL-9006)
INFO: analyzing entity '\design_1_r2o_generic_v2_0_0_ro_latch__63\' (VHDL-1012)
INFO: analyzing architecture 'STRUCTURE' of entity '\design_1_r2o_generic_v2_0_0_ro_latch__63\' (VHDL-9006)
INFO: analyzing entity '\design_1_r2o_generic_v2_0_0_ro_latch__7\' (VHDL-1012)
INFO: analyzing architecture 'STRUCTURE' of entity '\design_1_r2o_generic_v2_0_0_ro_latch__7\' (VHDL-9006)
INFO: analyzing entity '\design_1_r2o_generic_v2_0_0_ro_latch__8\' (VHDL-1012)
INFO: analyzing architecture 'STRUCTURE' of entity '\design_1_r2o_generic_v2_0_0_ro_latch__8\' (VHDL-9006)
INFO: analyzing entity '\design_1_r2o_generic_v2_0_0_ro_latch__9\' (VHDL-1012)
INFO: analyzing architecture 'STRUCTURE' of entity '\design_1_r2o_generic_v2_0_0_ro_latch__9\' (VHDL-9006)
INFO: analyzing entity 'design_1_r2o_generic_v2_0_0_ro_inv' (VHDL-1012)
INFO: analyzing architecture 'STRUCTURE' of entity 'design_1_r2o_generic_v2_0_0_ro_inv' (VHDL-9006)
INFO: analyzing entity '\design_1_r2o_generic_v2_0_0_ro_inv__1\' (VHDL-1012)
INFO: analyzing architecture 'STRUCTURE' of entity '\design_1_r2o_generic_v2_0_0_ro_inv__1\' (VHDL-9006)
INFO: analyzing entity '\design_1_r2o_generic_v2_0_0_ro_inv__10\' (VHDL-1012)
INFO: analyzing architecture 'STRUCTURE' of entity '\design_1_r2o_generic_v2_0_0_ro_inv__10\' (VHDL-9006)
INFO: analyzing entity '\design_1_r2o_generic_v2_0_0_ro_inv__11\' (VHDL-1012)
INFO: analyzing architecture 'STRUCTURE' of entity '\design_1_r2o_generic_v2_0_0_ro_inv__11\' (VHDL-9006)
INFO: analyzing entity '\design_1_r2o_generic_v2_0_0_ro_inv__12\' (VHDL-1012)
INFO: analyzing architecture 'STRUCTURE' of entity '\design_1_r2o_generic_v2_0_0_ro_inv__12\' (VHDL-9006)
INFO: analyzing entity '\design_1_r2o_generic_v2_0_0_ro_inv__13\' (VHDL-1012)
INFO: analyzing architecture 'STRUCTURE' of entity '\design_1_r2o_generic_v2_0_0_ro_inv__13\' (VHDL-9006)
INFO: analyzing entity '\design_1_r2o_generic_v2_0_0_ro_inv__14\' (VHDL-1012)
INFO: analyzing architecture 'STRUCTURE' of entity '\design_1_r2o_generic_v2_0_0_ro_inv__14\' (VHDL-9006)
INFO: analyzing entity '\design_1_r2o_generic_v2_0_0_ro_inv__15\' (VHDL-1012)
INFO: analyzing architecture 'STRUCTURE' of entity '\design_1_r2o_generic_v2_0_0_ro_inv__15\' (VHDL-9006)
INFO: analyzing entity '\design_1_r2o_generic_v2_0_0_ro_inv__16\' (VHDL-1012)
INFO: analyzing architecture 'STRUCTURE' of entity '\design_1_r2o_generic_v2_0_0_ro_inv__16\' (VHDL-9006)
INFO: analyzing entity '\design_1_r2o_generic_v2_0_0_ro_inv__17\' (VHDL-1012)
INFO: analyzing architecture 'STRUCTURE' of entity '\design_1_r2o_generic_v2_0_0_ro_inv__17\' (VHDL-9006)
INFO: analyzing entity '\design_1_r2o_generic_v2_0_0_ro_inv__18\' (VHDL-1012)
INFO: analyzing architecture 'STRUCTURE' of entity '\design_1_r2o_generic_v2_0_0_ro_inv__18\' (VHDL-9006)
INFO: analyzing entity '\design_1_r2o_generic_v2_0_0_ro_inv__19\' (VHDL-1012)
INFO: analyzing architecture 'STRUCTURE' of entity '\design_1_r2o_generic_v2_0_0_ro_inv__19\' (VHDL-9006)
INFO: analyzing entity '\design_1_r2o_generic_v2_0_0_ro_inv__2\' (VHDL-1012)
INFO: analyzing architecture 'STRUCTURE' of entity '\design_1_r2o_generic_v2_0_0_ro_inv__2\' (VHDL-9006)
INFO: analyzing entity '\design_1_r2o_generic_v2_0_0_ro_inv__20\' (VHDL-1012)
INFO: analyzing architecture 'STRUCTURE' of entity '\design_1_r2o_generic_v2_0_0_ro_inv__20\' (VHDL-9006)
INFO: analyzing entity '\design_1_r2o_generic_v2_0_0_ro_inv__21\' (VHDL-1012)
INFO: analyzing architecture 'STRUCTURE' of entity '\design_1_r2o_generic_v2_0_0_ro_inv__21\' (VHDL-9006)
INFO: analyzing entity '\design_1_r2o_generic_v2_0_0_ro_inv__22\' (VHDL-1012)
INFO: analyzing architecture 'STRUCTURE' of entity '\design_1_r2o_generic_v2_0_0_ro_inv__22\' (VHDL-9006)
INFO: analyzing entity '\design_1_r2o_generic_v2_0_0_ro_inv__23\' (VHDL-1012)
INFO: analyzing architecture 'STRUCTURE' of entity '\design_1_r2o_generic_v2_0_0_ro_inv__23\' (VHDL-9006)
INFO: analyzing entity '\design_1_r2o_generic_v2_0_0_ro_inv__24\' (VHDL-1012)
INFO: analyzing architecture 'STRUCTURE' of entity '\design_1_r2o_generic_v2_0_0_ro_inv__24\' (VHDL-9006)
INFO: analyzing entity '\design_1_r2o_generic_v2_0_0_ro_inv__25\' (VHDL-1012)
INFO: analyzing architecture 'STRUCTURE' of entity '\design_1_r2o_generic_v2_0_0_ro_inv__25\' (VHDL-9006)
INFO: analyzing entity '\design_1_r2o_generic_v2_0_0_ro_inv__26\' (VHDL-1012)
INFO: analyzing architecture 'STRUCTURE' of entity '\design_1_r2o_generic_v2_0_0_ro_inv__26\' (VHDL-9006)
INFO: analyzing entity '\design_1_r2o_generic_v2_0_0_ro_inv__27\' (VHDL-1012)
INFO: analyzing architecture 'STRUCTURE' of entity '\design_1_r2o_generic_v2_0_0_ro_inv__27\' (VHDL-9006)
INFO: analyzing entity '\design_1_r2o_generic_v2_0_0_ro_inv__28\' (VHDL-1012)
INFO: analyzing architecture 'STRUCTURE' of entity '\design_1_r2o_generic_v2_0_0_ro_inv__28\' (VHDL-9006)
INFO: analyzing entity '\design_1_r2o_generic_v2_0_0_ro_inv__29\' (VHDL-1012)
INFO: analyzing architecture 'STRUCTURE' of entity '\design_1_r2o_generic_v2_0_0_ro_inv__29\' (VHDL-9006)
INFO: analyzing entity '\design_1_r2o_generic_v2_0_0_ro_inv__3\' (VHDL-1012)
INFO: analyzing architecture 'STRUCTURE' of entity '\design_1_r2o_generic_v2_0_0_ro_inv__3\' (VHDL-9006)
INFO: analyzing entity '\design_1_r2o_generic_v2_0_0_ro_inv__30\' (VHDL-1012)
INFO: analyzing architecture 'STRUCTURE' of entity '\design_1_r2o_generic_v2_0_0_ro_inv__30\' (VHDL-9006)
INFO: analyzing entity '\design_1_r2o_generic_v2_0_0_ro_inv__31\' (VHDL-1012)
INFO: analyzing architecture 'STRUCTURE' of entity '\design_1_r2o_generic_v2_0_0_ro_inv__31\' (VHDL-9006)
INFO: analyzing entity '\design_1_r2o_generic_v2_0_0_ro_inv__32\' (VHDL-1012)
INFO: analyzing architecture 'STRUCTURE' of entity '\design_1_r2o_generic_v2_0_0_ro_inv__32\' (VHDL-9006)
INFO: analyzing entity '\design_1_r2o_generic_v2_0_0_ro_inv__33\' (VHDL-1012)
INFO: analyzing architecture 'STRUCTURE' of entity '\design_1_r2o_generic_v2_0_0_ro_inv__33\' (VHDL-9006)
INFO: analyzing entity '\design_1_r2o_generic_v2_0_0_ro_inv__34\' (VHDL-1012)
INFO: analyzing architecture 'STRUCTURE' of entity '\design_1_r2o_generic_v2_0_0_ro_inv__34\' (VHDL-9006)
INFO: analyzing entity '\design_1_r2o_generic_v2_0_0_ro_inv__35\' (VHDL-1012)
INFO: analyzing architecture 'STRUCTURE' of entity '\design_1_r2o_generic_v2_0_0_ro_inv__35\' (VHDL-9006)
INFO: analyzing entity '\design_1_r2o_generic_v2_0_0_ro_inv__36\' (VHDL-1012)
INFO: analyzing architecture 'STRUCTURE' of entity '\design_1_r2o_generic_v2_0_0_ro_inv__36\' (VHDL-9006)
INFO: analyzing entity '\design_1_r2o_generic_v2_0_0_ro_inv__37\' (VHDL-1012)
INFO: analyzing architecture 'STRUCTURE' of entity '\design_1_r2o_generic_v2_0_0_ro_inv__37\' (VHDL-9006)
INFO: analyzing entity '\design_1_r2o_generic_v2_0_0_ro_inv__38\' (VHDL-1012)
INFO: analyzing architecture 'STRUCTURE' of entity '\design_1_r2o_generic_v2_0_0_ro_inv__38\' (VHDL-9006)
INFO: analyzing entity '\design_1_r2o_generic_v2_0_0_ro_inv__39\' (VHDL-1012)
INFO: analyzing architecture 'STRUCTURE' of entity '\design_1_r2o_generic_v2_0_0_ro_inv__39\' (VHDL-9006)
INFO: analyzing entity '\design_1_r2o_generic_v2_0_0_ro_inv__4\' (VHDL-1012)
INFO: analyzing architecture 'STRUCTURE' of entity '\design_1_r2o_generic_v2_0_0_ro_inv__4\' (VHDL-9006)
INFO: analyzing entity '\design_1_r2o_generic_v2_0_0_ro_inv__40\' (VHDL-1012)
INFO: analyzing architecture 'STRUCTURE' of entity '\design_1_r2o_generic_v2_0_0_ro_inv__40\' (VHDL-9006)
INFO: analyzing entity '\design_1_r2o_generic_v2_0_0_ro_inv__41\' (VHDL-1012)
INFO: analyzing architecture 'STRUCTURE' of entity '\design_1_r2o_generic_v2_0_0_ro_inv__41\' (VHDL-9006)
INFO: analyzing entity '\design_1_r2o_generic_v2_0_0_ro_inv__42\' (VHDL-1012)
INFO: analyzing architecture 'STRUCTURE' of entity '\design_1_r2o_generic_v2_0_0_ro_inv__42\' (VHDL-9006)
INFO: analyzing entity '\design_1_r2o_generic_v2_0_0_ro_inv__43\' (VHDL-1012)
INFO: analyzing architecture 'STRUCTURE' of entity '\design_1_r2o_generic_v2_0_0_ro_inv__43\' (VHDL-9006)
INFO: analyzing entity '\design_1_r2o_generic_v2_0_0_ro_inv__44\' (VHDL-1012)
INFO: analyzing architecture 'STRUCTURE' of entity '\design_1_r2o_generic_v2_0_0_ro_inv__44\' (VHDL-9006)
INFO: analyzing entity '\design_1_r2o_generic_v2_0_0_ro_inv__45\' (VHDL-1012)
INFO: analyzing architecture 'STRUCTURE' of entity '\design_1_r2o_generic_v2_0_0_ro_inv__45\' (VHDL-9006)
INFO: analyzing entity '\design_1_r2o_generic_v2_0_0_ro_inv__46\' (VHDL-1012)
INFO: analyzing architecture 'STRUCTURE' of entity '\design_1_r2o_generic_v2_0_0_ro_inv__46\' (VHDL-9006)
INFO: analyzing entity '\design_1_r2o_generic_v2_0_0_ro_inv__47\' (VHDL-1012)
INFO: analyzing architecture 'STRUCTURE' of entity '\design_1_r2o_generic_v2_0_0_ro_inv__47\' (VHDL-9006)
INFO: analyzing entity '\design_1_r2o_generic_v2_0_0_ro_inv__48\' (VHDL-1012)
INFO: analyzing architecture 'STRUCTURE' of entity '\design_1_r2o_generic_v2_0_0_ro_inv__48\' (VHDL-9006)
INFO: analyzing entity '\design_1_r2o_generic_v2_0_0_ro_inv__49\' (VHDL-1012)
INFO: analyzing architecture 'STRUCTURE' of entity '\design_1_r2o_generic_v2_0_0_ro_inv__49\' (VHDL-9006)
INFO: analyzing entity '\design_1_r2o_generic_v2_0_0_ro_inv__5\' (VHDL-1012)
INFO: analyzing architecture 'STRUCTURE' of entity '\design_1_r2o_generic_v2_0_0_ro_inv__5\' (VHDL-9006)
INFO: analyzing entity '\design_1_r2o_generic_v2_0_0_ro_inv__50\' (VHDL-1012)
INFO: analyzing architecture 'STRUCTURE' of entity '\design_1_r2o_generic_v2_0_0_ro_inv__50\' (VHDL-9006)
INFO: analyzing entity '\design_1_r2o_generic_v2_0_0_ro_inv__51\' (VHDL-1012)
INFO: analyzing architecture 'STRUCTURE' of entity '\design_1_r2o_generic_v2_0_0_ro_inv__51\' (VHDL-9006)
INFO: analyzing entity '\design_1_r2o_generic_v2_0_0_ro_inv__52\' (VHDL-1012)
INFO: analyzing architecture 'STRUCTURE' of entity '\design_1_r2o_generic_v2_0_0_ro_inv__52\' (VHDL-9006)
INFO: analyzing entity '\design_1_r2o_generic_v2_0_0_ro_inv__53\' (VHDL-1012)
INFO: analyzing architecture 'STRUCTURE' of entity '\design_1_r2o_generic_v2_0_0_ro_inv__53\' (VHDL-9006)
INFO: analyzing entity '\design_1_r2o_generic_v2_0_0_ro_inv__54\' (VHDL-1012)
INFO: analyzing architecture 'STRUCTURE' of entity '\design_1_r2o_generic_v2_0_0_ro_inv__54\' (VHDL-9006)
INFO: analyzing entity '\design_1_r2o_generic_v2_0_0_ro_inv__55\' (VHDL-1012)
INFO: analyzing architecture 'STRUCTURE' of entity '\design_1_r2o_generic_v2_0_0_ro_inv__55\' (VHDL-9006)
INFO: analyzing entity '\design_1_r2o_generic_v2_0_0_ro_inv__56\' (VHDL-1012)
INFO: analyzing architecture 'STRUCTURE' of entity '\design_1_r2o_generic_v2_0_0_ro_inv__56\' (VHDL-9006)
INFO: analyzing entity '\design_1_r2o_generic_v2_0_0_ro_inv__57\' (VHDL-1012)
INFO: analyzing architecture 'STRUCTURE' of entity '\design_1_r2o_generic_v2_0_0_ro_inv__57\' (VHDL-9006)
INFO: analyzing entity '\design_1_r2o_generic_v2_0_0_ro_inv__58\' (VHDL-1012)
INFO: analyzing architecture 'STRUCTURE' of entity '\design_1_r2o_generic_v2_0_0_ro_inv__58\' (VHDL-9006)
INFO: analyzing entity '\design_1_r2o_generic_v2_0_0_ro_inv__59\' (VHDL-1012)
INFO: analyzing architecture 'STRUCTURE' of entity '\design_1_r2o_generic_v2_0_0_ro_inv__59\' (VHDL-9006)
INFO: analyzing entity '\design_1_r2o_generic_v2_0_0_ro_inv__6\' (VHDL-1012)
INFO: analyzing architecture 'STRUCTURE' of entity '\design_1_r2o_generic_v2_0_0_ro_inv__6\' (VHDL-9006)
INFO: analyzing entity '\design_1_r2o_generic_v2_0_0_ro_inv__60\' (VHDL-1012)
INFO: analyzing architecture 'STRUCTURE' of entity '\design_1_r2o_generic_v2_0_0_ro_inv__60\' (VHDL-9006)
INFO: analyzing entity '\design_1_r2o_generic_v2_0_0_ro_inv__61\' (VHDL-1012)
INFO: analyzing architecture 'STRUCTURE' of entity '\design_1_r2o_generic_v2_0_0_ro_inv__61\' (VHDL-9006)
INFO: analyzing entity '\design_1_r2o_generic_v2_0_0_ro_inv__62\' (VHDL-1012)
INFO: analyzing architecture 'STRUCTURE' of entity '\design_1_r2o_generic_v2_0_0_ro_inv__62\' (VHDL-9006)
INFO: analyzing entity '\design_1_r2o_generic_v2_0_0_ro_inv__63\' (VHDL-1012)
INFO: analyzing architecture 'STRUCTURE' of entity '\design_1_r2o_generic_v2_0_0_ro_inv__63\' (VHDL-9006)
INFO: analyzing entity '\design_1_r2o_generic_v2_0_0_ro_inv__7\' (VHDL-1012)
INFO: analyzing architecture 'STRUCTURE' of entity '\design_1_r2o_generic_v2_0_0_ro_inv__7\' (VHDL-9006)
INFO: analyzing entity '\design_1_r2o_generic_v2_0_0_ro_inv__8\' (VHDL-1012)
INFO: analyzing architecture 'STRUCTURE' of entity '\design_1_r2o_generic_v2_0_0_ro_inv__8\' (VHDL-9006)
INFO: analyzing entity '\design_1_r2o_generic_v2_0_0_ro_inv__9\' (VHDL-1012)
INFO: analyzing architecture 'STRUCTURE' of entity '\design_1_r2o_generic_v2_0_0_ro_inv__9\' (VHDL-9006)
INFO: analyzing entity 'design_1_r2o_generic_v2_0_0_r2o_generic_v2' (VHDL-1012)
INFO: analyzing architecture 'STRUCTURE' of entity 'design_1_r2o_generic_v2_0_0_r2o_generic_v2' (VHDL-9006)
INFO: analyzing entity 'design_1_r2o_generic_v2_0_0' (VHDL-1012)
INFO: analyzing architecture 'STRUCTURE' of entity 'design_1_r2o_generic_v2_0_0' (VHDL-9006)
Listing tops:
VeriTop library:xil_defaultlib mod:design_1_r2o_generic_v2_0_0
VeriTop library:xil_defaultlib mod:glbl
VeriTop library:xil_defaultlib mod:r2o_generic_v2
VeriTop library:xil_defaultlib mod:ro2_generic
VHDLTop: library:xil_defaultlib entity:design_1_r2o_generic_v2_0_0 arch:
VHDLTop: library:xil_defaultlib entity:design_1_r2o_generic_v2_0_0 arch:
END of tops
c:/Users/mtrawka/Documents/aio/testcases/mentor/security/proof_of_concept/vivado_design/random_number_gen_RTL/random_number_gen_RTL.gen/sources_1/bd/design_1/ip/design_1_r2o_generic_v2_0_0/design_1_r2o_generic_v2_0_0_sim_netlist.v(18): INFO: compiling module 'design_1_r2o_generic_v2_0_0_default' (VERI-1018)
c:/Users/mtrawka/Documents/aio/testcases/mentor/security/proof_of_concept/vivado_design/random_number_gen_RTL/random_number_gen_RTL.gen/sources_1/bd/design_1/ip/design_1_r2o_generic_v2_0_0/design_1_r2o_generic_v2_0_0_sim_netlist.v(4299): INFO: compiling module 'glbl_default' (VERI-1018)
C:/Users/mtrawka/Documents/aio/testcases/mentor/security/proof_of_concept/vivado_design/random_number_gen_RTL/random_number_gen_RTL.srcs/sources_1/new/r2o_generic_v2.v(1): INFO: compiling module 'r2o_generic_v2_default' (VERI-1018)
C:/Users/mtrawka/Documents/aio/testcases/mentor/security/proof_of_concept/vivado_design/random_number_gen_RTL/random_number_gen_RTL.srcs/sources_1/new/ro2_generic.v(1): INFO: compiling module 'ro2_generic_default' (VERI-1018)
C:/Users/mtrawka/Documents/aio/testcases/mentor/security/proof_of_concept/vivado_design/random_number_gen_RTL/random_number_gen_RTL.srcs/sources_1/new/r2o_generic_v2.v(38): WARNING: module instantiation should have an instance name (VERI-1229)
C:/Users/mtrawka/Documents/aio/testcases/mentor/security/proof_of_concept/vivado_design/random_number_gen_RTL/random_number_gen_RTL.srcs/sources_1/new/r2o_generic_v2.v(48): WARNING: module instantiation should have an instance name (VERI-1229)
C:/Users/mtrawka/Documents/aio/testcases/mentor/security/proof_of_concept/vivado_design/random_number_gen_RTL/random_number_gen_RTL.srcs/sources_1/new/r2o_generic_v2.v(45): WARNING: module instantiation should have an instance name (VERI-1229)
C:/Users/mtrawka/Documents/aio/testcases/mentor/security/proof_of_concept/vivado_design/random_number_gen_RTL/random_number_gen_RTL.srcs/sources_1/new/ro2_generic.v(33): WARNING: module instantiation should have an instance name (VERI-1229)
C:/Users/mtrawka/Documents/aio/testcases/mentor/security/proof_of_concept/vivado_design/random_number_gen_RTL/random_number_gen_RTL.srcs/sources_1/new/ro2_generic.v(60): WARNING: module instantiation should have an instance name (VERI-1229)
C:/Users/mtrawka/Documents/aio/testcases/mentor/security/proof_of_concept/vivado_design/random_number_gen_RTL/random_number_gen_RTL.srcs/sources_1/new/ro2_generic.v(61): WARNING: module instantiation should have an instance name (VERI-1229)
C:/Users/mtrawka/Documents/aio/testcases/mentor/security/proof_of_concept/vivado_design/random_number_gen_RTL/random_number_gen_RTL.srcs/sources_1/new/ro2_generic.v(64): WARNING: module instantiation should have an instance name (VERI-1229)
C:/Users/mtrawka/Documents/aio/testcases/mentor/security/proof_of_concept/vivado_design/random_number_gen_RTL/random_number_gen_RTL.srcs/sources_1/new/ro2_generic.v(65): WARNING: module instantiation should have an instance name (VERI-1229)
C:/Users/mtrawka/Documents/aio/testcases/mentor/security/proof_of_concept/vivado_design/random_number_gen_RTL/random_number_gen_RTL.srcs/sources_1/new/ro2_generic.v(89): WARNING: module instantiation should have an instance name (VERI-1229)
C:/Users/mtrawka/Documents/aio/testcases/mentor/security/proof_of_concept/vivado_design/random_number_gen_RTL/random_number_gen_RTL.srcs/sources_1/new/ro2_generic.v(90): WARNING: module instantiation should have an instance name (VERI-1229)
C:/Users/mtrawka/Documents/aio/testcases/mentor/security/proof_of_concept/vivado_design/random_number_gen_RTL/random_number_gen_RTL.srcs/sources_1/new/ro2_generic.v(126): WARNING: module instantiation should have an instance name (VERI-1229)
c:/Users/mtrawka/Documents/aio/testcases/mentor/security/proof_of_concept/vivado_design/random_number_gen_RTL/random_number_gen_RTL.gen/sources_1/bd/design_1/ip/design_1_r2o_generic_v2_0_0/design_1_r2o_generic_v2_0_0_sim_netlist.vhdl(6300): INFO: executing 'design_1_r2o_generic_v2_0_0_default(STRUCTURE)' (VHDL-1067)
c:/Users/mtrawka/Documents/aio/testcases/mentor/security/proof_of_concept/vivado_design/random_number_gen_RTL/random_number_gen_RTL.gen/sources_1/bd/design_1/ip/design_1_r2o_generic_v2_0_0/design_1_r2o_generic_v2_0_0_sim_netlist.vhdl(4241): INFO: executing 'design_1_r2o_generic_v2_0_0_r2o_generic_v2_default(STRUCTURE)' (VHDL-1067)
c:/Users/mtrawka/Documents/aio/testcases/mentor/security/proof_of_concept/vivado_design/random_number_gen_RTL/random_number_gen_RTL.gen/sources_1/bd/design_1/ip/design_1_r2o_generic_v2_0_0/design_1_r2o_generic_v2_0_0_sim_netlist.vhdl(2288): INFO: executing '\design_1_r2o_generic_v2_0_0_ro_inv__1_default\(STRUCTURE)' (VHDL-1067)
c:/Users/mtrawka/Documents/aio/testcases/mentor/security/proof_of_concept/vivado_design/random_number_gen_RTL/random_number_gen_RTL.gen/sources_1/bd/design_1/ip/design_1_r2o_generic_v2_0_0/design_1_r2o_generic_v2_0_0_sim_netlist.vhdl(52): INFO: executing '\design_1_r2o_generic_v2_0_0_ro_latch__1_default\(STRUCTURE)' (VHDL-1067)
c:/Users/mtrawka/Documents/aio/testcases/mentor/security/proof_of_concept/vivado_design/random_number_gen_RTL/random_number_gen_RTL.gen/sources_1/bd/design_1/ip/design_1_r2o_generic_v2_0_0/design_1_r2o_generic_v2_0_0_sim_netlist.vhdl(2350): INFO: executing '\design_1_r2o_generic_v2_0_0_ro_inv__11_default\(STRUCTURE)' (VHDL-1067)
c:/Users/mtrawka/Documents/aio/testcases/mentor/security/proof_of_concept/vivado_design/random_number_gen_RTL/random_number_gen_RTL.gen/sources_1/bd/design_1/ip/design_1_r2o_generic_v2_0_0/design_1_r2o_generic_v2_0_0_sim_netlist.vhdl(122): INFO: executing '\design_1_r2o_generic_v2_0_0_ro_latch__11_default\(STRUCTURE)' (VHDL-1067)
c:/Users/mtrawka/Documents/aio/testcases/mentor/security/proof_of_concept/vivado_design/random_number_gen_RTL/random_number_gen_RTL.gen/sources_1/bd/design_1/ip/design_1_r2o_generic_v2_0_0/design_1_r2o_generic_v2_0_0_sim_netlist.vhdl(2381): INFO: executing '\design_1_r2o_generic_v2_0_0_ro_inv__12_default\(STRUCTURE)' (VHDL-1067)
c:/Users/mtrawka/Documents/aio/testcases/mentor/security/proof_of_concept/vivado_design/random_number_gen_RTL/random_number_gen_RTL.gen/sources_1/bd/design_1/ip/design_1_r2o_generic_v2_0_0/design_1_r2o_generic_v2_0_0_sim_netlist.vhdl(157): INFO: executing '\design_1_r2o_generic_v2_0_0_ro_latch__12_default\(STRUCTURE)' (VHDL-1067)
c:/Users/mtrawka/Documents/aio/testcases/mentor/security/proof_of_concept/vivado_design/random_number_gen_RTL/random_number_gen_RTL.gen/sources_1/bd/design_1/ip/design_1_r2o_generic_v2_0_0/design_1_r2o_generic_v2_0_0_sim_netlist.vhdl(2412): INFO: executing '\design_1_r2o_generic_v2_0_0_ro_inv__13_default\(STRUCTURE)' (VHDL-1067)
c:/Users/mtrawka/Documents/aio/testcases/mentor/security/proof_of_concept/vivado_design/random_number_gen_RTL/random_number_gen_RTL.gen/sources_1/bd/design_1/ip/design_1_r2o_generic_v2_0_0/design_1_r2o_generic_v2_0_0_sim_netlist.vhdl(192): INFO: executing '\design_1_r2o_generic_v2_0_0_ro_latch__13_default\(STRUCTURE)' (VHDL-1067)
c:/Users/mtrawka/Documents/aio/testcases/mentor/security/proof_of_concept/vivado_design/random_number_gen_RTL/random_number_gen_RTL.gen/sources_1/bd/design_1/ip/design_1_r2o_generic_v2_0_0/design_1_r2o_generic_v2_0_0_sim_netlist.vhdl(2443): INFO: executing '\design_1_r2o_generic_v2_0_0_ro_inv__14_default\(STRUCTURE)' (VHDL-1067)
c:/Users/mtrawka/Documents/aio/testcases/mentor/security/proof_of_concept/vivado_design/random_number_gen_RTL/random_number_gen_RTL.gen/sources_1/bd/design_1/ip/design_1_r2o_generic_v2_0_0/design_1_r2o_generic_v2_0_0_sim_netlist.vhdl(227): INFO: executing '\design_1_r2o_generic_v2_0_0_ro_latch__14_default\(STRUCTURE)' (VHDL-1067)
c:/Users/mtrawka/Documents/aio/testcases/mentor/security/proof_of_concept/vivado_design/random_number_gen_RTL/random_number_gen_RTL.gen/sources_1/bd/design_1/ip/design_1_r2o_generic_v2_0_0/design_1_r2o_generic_v2_0_0_sim_netlist.vhdl(2474): INFO: executing '\design_1_r2o_generic_v2_0_0_ro_inv__15_default\(STRUCTURE)' (VHDL-1067)
c:/Users/mtrawka/Documents/aio/testcases/mentor/security/proof_of_concept/vivado_design/random_number_gen_RTL/random_number_gen_RTL.gen/sources_1/bd/design_1/ip/design_1_r2o_generic_v2_0_0/design_1_r2o_generic_v2_0_0_sim_netlist.vhdl(262): INFO: executing '\design_1_r2o_generic_v2_0_0_ro_latch__15_default\(STRUCTURE)' (VHDL-1067)
c:/Users/mtrawka/Documents/aio/testcases/mentor/security/proof_of_concept/vivado_design/random_number_gen_RTL/random_number_gen_RTL.gen/sources_1/bd/design_1/ip/design_1_r2o_generic_v2_0_0/design_1_r2o_generic_v2_0_0_sim_netlist.vhdl(2505): INFO: executing '\design_1_r2o_generic_v2_0_0_ro_inv__16_default\(STRUCTURE)' (VHDL-1067)
c:/Users/mtrawka/Documents/aio/testcases/mentor/security/proof_of_concept/vivado_design/random_number_gen_RTL/random_number_gen_RTL.gen/sources_1/bd/design_1/ip/design_1_r2o_generic_v2_0_0/design_1_r2o_generic_v2_0_0_sim_netlist.vhdl(297): INFO: executing '\design_1_r2o_generic_v2_0_0_ro_latch__16_default\(STRUCTURE)' (VHDL-1067)
c:/Users/mtrawka/Documents/aio/testcases/mentor/security/proof_of_concept/vivado_design/random_number_gen_RTL/random_number_gen_RTL.gen/sources_1/bd/design_1/ip/design_1_r2o_generic_v2_0_0/design_1_r2o_generic_v2_0_0_sim_netlist.vhdl(2536): INFO: executing '\design_1_r2o_generic_v2_0_0_ro_inv__17_default\(STRUCTURE)' (VHDL-1067)
c:/Users/mtrawka/Documents/aio/testcases/mentor/security/proof_of_concept/vivado_design/random_number_gen_RTL/random_number_gen_RTL.gen/sources_1/bd/design_1/ip/design_1_r2o_generic_v2_0_0/design_1_r2o_generic_v2_0_0_sim_netlist.vhdl(332): INFO: executing '\design_1_r2o_generic_v2_0_0_ro_latch__17_default\(STRUCTURE)' (VHDL-1067)
c:/Users/mtrawka/Documents/aio/testcases/mentor/security/proof_of_concept/vivado_design/random_number_gen_RTL/random_number_gen_RTL.gen/sources_1/bd/design_1/ip/design_1_r2o_generic_v2_0_0/design_1_r2o_generic_v2_0_0_sim_netlist.vhdl(2567): INFO: executing '\design_1_r2o_generic_v2_0_0_ro_inv__18_default\(STRUCTURE)' (VHDL-1067)
c:/Users/mtrawka/Documents/aio/testcases/mentor/security/proof_of_concept/vivado_design/random_number_gen_RTL/random_number_gen_RTL.gen/sources_1/bd/design_1/ip/design_1_r2o_generic_v2_0_0/design_1_r2o_generic_v2_0_0_sim_netlist.vhdl(367): INFO: executing '\design_1_r2o_generic_v2_0_0_ro_latch__18_default\(STRUCTURE)' (VHDL-1067)
c:/Users/mtrawka/Documents/aio/testcases/mentor/security/proof_of_concept/vivado_design/random_number_gen_RTL/random_number_gen_RTL.gen/sources_1/bd/design_1/ip/design_1_r2o_generic_v2_0_0/design_1_r2o_generic_v2_0_0_sim_netlist.vhdl(2598): INFO: executing '\design_1_r2o_generic_v2_0_0_ro_inv__19_default\(STRUCTURE)' (VHDL-1067)
c:/Users/mtrawka/Documents/aio/testcases/mentor/security/proof_of_concept/vivado_design/random_number_gen_RTL/random_number_gen_RTL.gen/sources_1/bd/design_1/ip/design_1_r2o_generic_v2_0_0/design_1_r2o_generic_v2_0_0_sim_netlist.vhdl(402): INFO: executing '\design_1_r2o_generic_v2_0_0_ro_latch__19_default\(STRUCTURE)' (VHDL-1067)
c:/Users/mtrawka/Documents/aio/testcases/mentor/security/proof_of_concept/vivado_design/random_number_gen_RTL/random_number_gen_RTL.gen/sources_1/bd/design_1/ip/design_1_r2o_generic_v2_0_0/design_1_r2o_generic_v2_0_0_sim_netlist.vhdl(2660): INFO: executing '\design_1_r2o_generic_v2_0_0_ro_inv__20_default\(STRUCTURE)' (VHDL-1067)
c:/Users/mtrawka/Documents/aio/testcases/mentor/security/proof_of_concept/vivado_design/random_number_gen_RTL/random_number_gen_RTL.gen/sources_1/bd/design_1/ip/design_1_r2o_generic_v2_0_0/design_1_r2o_generic_v2_0_0_sim_netlist.vhdl(472): INFO: executing '\design_1_r2o_generic_v2_0_0_ro_latch__20_default\(STRUCTURE)' (VHDL-1067)
c:/Users/mtrawka/Documents/aio/testcases/mentor/security/proof_of_concept/vivado_design/random_number_gen_RTL/random_number_gen_RTL.gen/sources_1/bd/design_1/ip/design_1_r2o_generic_v2_0_0/design_1_r2o_generic_v2_0_0_sim_netlist.vhdl(2629): INFO: executing '\design_1_r2o_generic_v2_0_0_ro_inv__2_default\(STRUCTURE)' (VHDL-1067)
c:/Users/mtrawka/Documents/aio/testcases/mentor/security/proof_of_concept/vivado_design/random_number_gen_RTL/random_number_gen_RTL.gen/sources_1/bd/design_1/ip/design_1_r2o_generic_v2_0_0/design_1_r2o_generic_v2_0_0_sim_netlist.vhdl(437): INFO: executing '\design_1_r2o_generic_v2_0_0_ro_latch__2_default\(STRUCTURE)' (VHDL-1067)
c:/Users/mtrawka/Documents/aio/testcases/mentor/security/proof_of_concept/vivado_design/random_number_gen_RTL/random_number_gen_RTL.gen/sources_1/bd/design_1/ip/design_1_r2o_generic_v2_0_0/design_1_r2o_generic_v2_0_0_sim_netlist.vhdl(2691): INFO: executing '\design_1_r2o_generic_v2_0_0_ro_inv__21_default\(STRUCTURE)' (VHDL-1067)
c:/Users/mtrawka/Documents/aio/testcases/mentor/security/proof_of_concept/vivado_design/random_number_gen_RTL/random_number_gen_RTL.gen/sources_1/bd/design_1/ip/design_1_r2o_generic_v2_0_0/design_1_r2o_generic_v2_0_0_sim_netlist.vhdl(507): INFO: executing '\design_1_r2o_generic_v2_0_0_ro_latch__21_default\(STRUCTURE)' (VHDL-1067)
c:/Users/mtrawka/Documents/aio/testcases/mentor/security/proof_of_concept/vivado_design/random_number_gen_RTL/random_number_gen_RTL.gen/sources_1/bd/design_1/ip/design_1_r2o_generic_v2_0_0/design_1_r2o_generic_v2_0_0_sim_netlist.vhdl(2722): INFO: executing '\design_1_r2o_generic_v2_0_0_ro_inv__22_default\(STRUCTURE)' (VHDL-1067)
c:/Users/mtrawka/Documents/aio/testcases/mentor/security/proof_of_concept/vivado_design/random_number_gen_RTL/random_number_gen_RTL.gen/sources_1/bd/design_1/ip/design_1_r2o_generic_v2_0_0/design_1_r2o_generic_v2_0_0_sim_netlist.vhdl(542): INFO: executing '\design_1_r2o_generic_v2_0_0_ro_latch__22_default\(STRUCTURE)' (VHDL-1067)
c:/Users/mtrawka/Documents/aio/testcases/mentor/security/proof_of_concept/vivado_design/random_number_gen_RTL/random_number_gen_RTL.gen/sources_1/bd/design_1/ip/design_1_r2o_generic_v2_0_0/design_1_r2o_generic_v2_0_0_sim_netlist.vhdl(2753): INFO: executing '\design_1_r2o_generic_v2_0_0_ro_inv__23_default\(STRUCTURE)' (VHDL-1067)
c:/Users/mtrawka/Documents/aio/testcases/mentor/security/proof_of_concept/vivado_design/random_number_gen_RTL/random_number_gen_RTL.gen/sources_1/bd/design_1/ip/design_1_r2o_generic_v2_0_0/design_1_r2o_generic_v2_0_0_sim_netlist.vhdl(577): INFO: executing '\design_1_r2o_generic_v2_0_0_ro_latch__23_default\(STRUCTURE)' (VHDL-1067)
c:/Users/mtrawka/Documents/aio/testcases/mentor/security/proof_of_concept/vivado_design/random_number_gen_RTL/random_number_gen_RTL.gen/sources_1/bd/design_1/ip/design_1_r2o_generic_v2_0_0/design_1_r2o_generic_v2_0_0_sim_netlist.vhdl(2784): INFO: executing '\design_1_r2o_generic_v2_0_0_ro_inv__24_default\(STRUCTURE)' (VHDL-1067)
c:/Users/mtrawka/Documents/aio/testcases/mentor/security/proof_of_concept/vivado_design/random_number_gen_RTL/random_number_gen_RTL.gen/sources_1/bd/design_1/ip/design_1_r2o_generic_v2_0_0/design_1_r2o_generic_v2_0_0_sim_netlist.vhdl(612): INFO: executing '\design_1_r2o_generic_v2_0_0_ro_latch__24_default\(STRUCTURE)' (VHDL-1067)
c:/Users/mtrawka/Documents/aio/testcases/mentor/security/proof_of_concept/vivado_design/random_number_gen_RTL/random_number_gen_RTL.gen/sources_1/bd/design_1/ip/design_1_r2o_generic_v2_0_0/design_1_r2o_generic_v2_0_0_sim_netlist.vhdl(2815): INFO: executing '\design_1_r2o_generic_v2_0_0_ro_inv__25_default\(STRUCTURE)' (VHDL-1067)
c:/Users/mtrawka/Documents/aio/testcases/mentor/security/proof_of_concept/vivado_design/random_number_gen_RTL/random_number_gen_RTL.gen/sources_1/bd/design_1/ip/design_1_r2o_generic_v2_0_0/design_1_r2o_generic_v2_0_0_sim_netlist.vhdl(647): INFO: executing '\design_1_r2o_generic_v2_0_0_ro_latch__25_default\(STRUCTURE)' (VHDL-1067)
c:/Users/mtrawka/Documents/aio/testcases/mentor/security/proof_of_concept/vivado_design/random_number_gen_RTL/random_number_gen_RTL.gen/sources_1/bd/design_1/ip/design_1_r2o_generic_v2_0_0/design_1_r2o_generic_v2_0_0_sim_netlist.vhdl(2846): INFO: executing '\design_1_r2o_generic_v2_0_0_ro_inv__26_default\(STRUCTURE)' (VHDL-1067)
c:/Users/mtrawka/Documents/aio/testcases/mentor/security/proof_of_concept/vivado_design/random_number_gen_RTL/random_number_gen_RTL.gen/sources_1/bd/design_1/ip/design_1_r2o_generic_v2_0_0/design_1_r2o_generic_v2_0_0_sim_netlist.vhdl(682): INFO: executing '\design_1_r2o_generic_v2_0_0_ro_latch__26_default\(STRUCTURE)' (VHDL-1067)
c:/Users/mtrawka/Documents/aio/testcases/mentor/security/proof_of_concept/vivado_design/random_number_gen_RTL/random_number_gen_RTL.gen/sources_1/bd/design_1/ip/design_1_r2o_generic_v2_0_0/design_1_r2o_generic_v2_0_0_sim_netlist.vhdl(2877): INFO: executing '\design_1_r2o_generic_v2_0_0_ro_inv__27_default\(STRUCTURE)' (VHDL-1067)
c:/Users/mtrawka/Documents/aio/testcases/mentor/security/proof_of_concept/vivado_design/random_number_gen_RTL/random_number_gen_RTL.gen/sources_1/bd/design_1/ip/design_1_r2o_generic_v2_0_0/design_1_r2o_generic_v2_0_0_sim_netlist.vhdl(717): INFO: executing '\design_1_r2o_generic_v2_0_0_ro_latch__27_default\(STRUCTURE)' (VHDL-1067)
c:/Users/mtrawka/Documents/aio/testcases/mentor/security/proof_of_concept/vivado_design/random_number_gen_RTL/random_number_gen_RTL.gen/sources_1/bd/design_1/ip/design_1_r2o_generic_v2_0_0/design_1_r2o_generic_v2_0_0_sim_netlist.vhdl(2908): INFO: executing '\design_1_r2o_generic_v2_0_0_ro_inv__28_default\(STRUCTURE)' (VHDL-1067)
c:/Users/mtrawka/Documents/aio/testcases/mentor/security/proof_of_concept/vivado_design/random_number_gen_RTL/random_number_gen_RTL.gen/sources_1/bd/design_1/ip/design_1_r2o_generic_v2_0_0/design_1_r2o_generic_v2_0_0_sim_netlist.vhdl(752): INFO: executing '\design_1_r2o_generic_v2_0_0_ro_latch__28_default\(STRUCTURE)' (VHDL-1067)
c:/Users/mtrawka/Documents/aio/testcases/mentor/security/proof_of_concept/vivado_design/random_number_gen_RTL/random_number_gen_RTL.gen/sources_1/bd/design_1/ip/design_1_r2o_generic_v2_0_0/design_1_r2o_generic_v2_0_0_sim_netlist.vhdl(2939): INFO: executing '\design_1_r2o_generic_v2_0_0_ro_inv__29_default\(STRUCTURE)' (VHDL-1067)
c:/Users/mtrawka/Documents/aio/testcases/mentor/security/proof_of_concept/vivado_design/random_number_gen_RTL/random_number_gen_RTL.gen/sources_1/bd/design_1/ip/design_1_r2o_generic_v2_0_0/design_1_r2o_generic_v2_0_0_sim_netlist.vhdl(787): INFO: executing '\design_1_r2o_generic_v2_0_0_ro_latch__29_default\(STRUCTURE)' (VHDL-1067)
c:/Users/mtrawka/Documents/aio/testcases/mentor/security/proof_of_concept/vivado_design/random_number_gen_RTL/random_number_gen_RTL.gen/sources_1/bd/design_1/ip/design_1_r2o_generic_v2_0_0/design_1_r2o_generic_v2_0_0_sim_netlist.vhdl(3001): INFO: executing '\design_1_r2o_generic_v2_0_0_ro_inv__30_default\(STRUCTURE)' (VHDL-1067)
c:/Users/mtrawka/Documents/aio/testcases/mentor/security/proof_of_concept/vivado_design/random_number_gen_RTL/random_number_gen_RTL.gen/sources_1/bd/design_1/ip/design_1_r2o_generic_v2_0_0/design_1_r2o_generic_v2_0_0_sim_netlist.vhdl(857): INFO: executing '\design_1_r2o_generic_v2_0_0_ro_latch__30_default\(STRUCTURE)' (VHDL-1067)
c:/Users/mtrawka/Documents/aio/testcases/mentor/security/proof_of_concept/vivado_design/random_number_gen_RTL/random_number_gen_RTL.gen/sources_1/bd/design_1/ip/design_1_r2o_generic_v2_0_0/design_1_r2o_generic_v2_0_0_sim_netlist.vhdl(2970): INFO: executing '\design_1_r2o_generic_v2_0_0_ro_inv__3_default\(STRUCTURE)' (VHDL-1067)
c:/Users/mtrawka/Documents/aio/testcases/mentor/security/proof_of_concept/vivado_design/random_number_gen_RTL/random_number_gen_RTL.gen/sources_1/bd/design_1/ip/design_1_r2o_generic_v2_0_0/design_1_r2o_generic_v2_0_0_sim_netlist.vhdl(822): INFO: executing '\design_1_r2o_generic_v2_0_0_ro_latch__3_default\(STRUCTURE)' (VHDL-1067)
c:/Users/mtrawka/Documents/aio/testcases/mentor/security/proof_of_concept/vivado_design/random_number_gen_RTL/random_number_gen_RTL.gen/sources_1/bd/design_1/ip/design_1_r2o_generic_v2_0_0/design_1_r2o_generic_v2_0_0_sim_netlist.vhdl(3032): INFO: executing '\design_1_r2o_generic_v2_0_0_ro_inv__31_default\(STRUCTURE)' (VHDL-1067)
c:/Users/mtrawka/Documents/aio/testcases/mentor/security/proof_of_concept/vivado_design/random_number_gen_RTL/random_number_gen_RTL.gen/sources_1/bd/design_1/ip/design_1_r2o_generic_v2_0_0/design_1_r2o_generic_v2_0_0_sim_netlist.vhdl(892): INFO: executing '\design_1_r2o_generic_v2_0_0_ro_latch__31_default\(STRUCTURE)' (VHDL-1067)
c:/Users/mtrawka/Documents/aio/testcases/mentor/security/proof_of_concept/vivado_design/random_number_gen_RTL/random_number_gen_RTL.gen/sources_1/bd/design_1/ip/design_1_r2o_generic_v2_0_0/design_1_r2o_generic_v2_0_0_sim_netlist.vhdl(3063): INFO: executing '\design_1_r2o_generic_v2_0_0_ro_inv__32_default\(STRUCTURE)' (VHDL-1067)
c:/Users/mtrawka/Documents/aio/testcases/mentor/security/proof_of_concept/vivado_design/random_number_gen_RTL/random_number_gen_RTL.gen/sources_1/bd/design_1/ip/design_1_r2o_generic_v2_0_0/design_1_r2o_generic_v2_0_0_sim_netlist.vhdl(927): INFO: executing '\design_1_r2o_generic_v2_0_0_ro_latch__32_default\(STRUCTURE)' (VHDL-1067)
c:/Users/mtrawka/Documents/aio/testcases/mentor/security/proof_of_concept/vivado_design/random_number_gen_RTL/random_number_gen_RTL.gen/sources_1/bd/design_1/ip/design_1_r2o_generic_v2_0_0/design_1_r2o_generic_v2_0_0_sim_netlist.vhdl(3094): INFO: executing '\design_1_r2o_generic_v2_0_0_ro_inv__33_default\(STRUCTURE)' (VHDL-1067)
c:/Users/mtrawka/Documents/aio/testcases/mentor/security/proof_of_concept/vivado_design/random_number_gen_RTL/random_number_gen_RTL.gen/sources_1/bd/design_1/ip/design_1_r2o_generic_v2_0_0/design_1_r2o_generic_v2_0_0_sim_netlist.vhdl(962): INFO: executing '\design_1_r2o_generic_v2_0_0_ro_latch__33_default\(STRUCTURE)' (VHDL-1067)
c:/Users/mtrawka/Documents/aio/testcases/mentor/security/proof_of_concept/vivado_design/random_number_gen_RTL/random_number_gen_RTL.gen/sources_1/bd/design_1/ip/design_1_r2o_generic_v2_0_0/design_1_r2o_generic_v2_0_0_sim_netlist.vhdl(3125): INFO: executing '\design_1_r2o_generic_v2_0_0_ro_inv__34_default\(STRUCTURE)' (VHDL-1067)
c:/Users/mtrawka/Documents/aio/testcases/mentor/security/proof_of_concept/vivado_design/random_number_gen_RTL/random_number_gen_RTL.gen/sources_1/bd/design_1/ip/design_1_r2o_generic_v2_0_0/design_1_r2o_generic_v2_0_0_sim_netlist.vhdl(997): INFO: executing '\design_1_r2o_generic_v2_0_0_ro_latch__34_default\(STRUCTURE)' (VHDL-1067)
c:/Users/mtrawka/Documents/aio/testcases/mentor/security/proof_of_concept/vivado_design/random_number_gen_RTL/random_number_gen_RTL.gen/sources_1/bd/design_1/ip/design_1_r2o_generic_v2_0_0/design_1_r2o_generic_v2_0_0_sim_netlist.vhdl(3156): INFO: executing '\design_1_r2o_generic_v2_0_0_ro_inv__35_default\(STRUCTURE)' (VHDL-1067)
c:/Users/mtrawka/Documents/aio/testcases/mentor/security/proof_of_concept/vivado_design/random_number_gen_RTL/random_number_gen_RTL.gen/sources_1/bd/design_1/ip/design_1_r2o_generic_v2_0_0/design_1_r2o_generic_v2_0_0_sim_netlist.vhdl(1032): INFO: executing '\design_1_r2o_generic_v2_0_0_ro_latch__35_default\(STRUCTURE)' (VHDL-1067)
c:/Users/mtrawka/Documents/aio/testcases/mentor/security/proof_of_concept/vivado_design/random_number_gen_RTL/random_number_gen_RTL.gen/sources_1/bd/design_1/ip/design_1_r2o_generic_v2_0_0/design_1_r2o_generic_v2_0_0_sim_netlist.vhdl(3187): INFO: executing '\design_1_r2o_generic_v2_0_0_ro_inv__36_default\(STRUCTURE)' (VHDL-1067)
c:/Users/mtrawka/Documents/aio/testcases/mentor/security/proof_of_concept/vivado_design/random_number_gen_RTL/random_number_gen_RTL.gen/sources_1/bd/design_1/ip/design_1_r2o_generic_v2_0_0/design_1_r2o_generic_v2_0_0_sim_netlist.vhdl(1067): INFO: executing '\design_1_r2o_generic_v2_0_0_ro_latch__36_default\(STRUCTURE)' (VHDL-1067)
c:/Users/mtrawka/Documents/aio/testcases/mentor/security/proof_of_concept/vivado_design/random_number_gen_RTL/random_number_gen_RTL.gen/sources_1/bd/design_1/ip/design_1_r2o_generic_v2_0_0/design_1_r2o_generic_v2_0_0_sim_netlist.vhdl(3218): INFO: executing '\design_1_r2o_generic_v2_0_0_ro_inv__37_default\(STRUCTURE)' (VHDL-1067)
c:/Users/mtrawka/Documents/aio/testcases/mentor/security/proof_of_concept/vivado_design/random_number_gen_RTL/random_number_gen_RTL.gen/sources_1/bd/design_1/ip/design_1_r2o_generic_v2_0_0/design_1_r2o_generic_v2_0_0_sim_netlist.vhdl(1102): INFO: executing '\design_1_r2o_generic_v2_0_0_ro_latch__37_default\(STRUCTURE)' (VHDL-1067)
c:/Users/mtrawka/Documents/aio/testcases/mentor/security/proof_of_concept/vivado_design/random_number_gen_RTL/random_number_gen_RTL.gen/sources_1/bd/design_1/ip/design_1_r2o_generic_v2_0_0/design_1_r2o_generic_v2_0_0_sim_netlist.vhdl(3249): INFO: executing '\design_1_r2o_generic_v2_0_0_ro_inv__38_default\(STRUCTURE)' (VHDL-1067)
c:/Users/mtrawka/Documents/aio/testcases/mentor/security/proof_of_concept/vivado_design/random_number_gen_RTL/random_number_gen_RTL.gen/sources_1/bd/design_1/ip/design_1_r2o_generic_v2_0_0/design_1_r2o_generic_v2_0_0_sim_netlist.vhdl(1137): INFO: executing '\design_1_r2o_generic_v2_0_0_ro_latch__38_default\(STRUCTURE)' (VHDL-1067)
c:/Users/mtrawka/Documents/aio/testcases/mentor/security/proof_of_concept/vivado_design/random_number_gen_RTL/random_number_gen_RTL.gen/sources_1/bd/design_1/ip/design_1_r2o_generic_v2_0_0/design_1_r2o_generic_v2_0_0_sim_netlist.vhdl(3280): INFO: executing '\design_1_r2o_generic_v2_0_0_ro_inv__39_default\(STRUCTURE)' (VHDL-1067)
c:/Users/mtrawka/Documents/aio/testcases/mentor/security/proof_of_concept/vivado_design/random_number_gen_RTL/random_number_gen_RTL.gen/sources_1/bd/design_1/ip/design_1_r2o_generic_v2_0_0/design_1_r2o_generic_v2_0_0_sim_netlist.vhdl(1172): INFO: executing '\design_1_r2o_generic_v2_0_0_ro_latch__39_default\(STRUCTURE)' (VHDL-1067)
c:/Users/mtrawka/Documents/aio/testcases/mentor/security/proof_of_concept/vivado_design/random_number_gen_RTL/random_number_gen_RTL.gen/sources_1/bd/design_1/ip/design_1_r2o_generic_v2_0_0/design_1_r2o_generic_v2_0_0_sim_netlist.vhdl(3342): INFO: executing '\design_1_r2o_generic_v2_0_0_ro_inv__40_default\(STRUCTURE)' (VHDL-1067)
c:/Users/mtrawka/Documents/aio/testcases/mentor/security/proof_of_concept/vivado_design/random_number_gen_RTL/random_number_gen_RTL.gen/sources_1/bd/design_1/ip/design_1_r2o_generic_v2_0_0/design_1_r2o_generic_v2_0_0_sim_netlist.vhdl(1242): INFO: executing '\design_1_r2o_generic_v2_0_0_ro_latch__40_default\(STRUCTURE)' (VHDL-1067)
c:/Users/mtrawka/Documents/aio/testcases/mentor/security/proof_of_concept/vivado_design/random_number_gen_RTL/random_number_gen_RTL.gen/sources_1/bd/design_1/ip/design_1_r2o_generic_v2_0_0/design_1_r2o_generic_v2_0_0_sim_netlist.vhdl(3311): INFO: executing '\design_1_r2o_generic_v2_0_0_ro_inv__4_default\(STRUCTURE)' (VHDL-1067)
c:/Users/mtrawka/Documents/aio/testcases/mentor/security/proof_of_concept/vivado_design/random_number_gen_RTL/random_number_gen_RTL.gen/sources_1/bd/design_1/ip/design_1_r2o_generic_v2_0_0/design_1_r2o_generic_v2_0_0_sim_netlist.vhdl(1207): INFO: executing '\design_1_r2o_generic_v2_0_0_ro_latch__4_default\(STRUCTURE)' (VHDL-1067)
c:/Users/mtrawka/Documents/aio/testcases/mentor/security/proof_of_concept/vivado_design/random_number_gen_RTL/random_number_gen_RTL.gen/sources_1/bd/design_1/ip/design_1_r2o_generic_v2_0_0/design_1_r2o_generic_v2_0_0_sim_netlist.vhdl(3373): INFO: executing '\design_1_r2o_generic_v2_0_0_ro_inv__41_default\(STRUCTURE)' (VHDL-1067)
c:/Users/mtrawka/Documents/aio/testcases/mentor/security/proof_of_concept/vivado_design/random_number_gen_RTL/random_number_gen_RTL.gen/sources_1/bd/design_1/ip/design_1_r2o_generic_v2_0_0/design_1_r2o_generic_v2_0_0_sim_netlist.vhdl(1277): INFO: executing '\design_1_r2o_generic_v2_0_0_ro_latch__41_default\(STRUCTURE)' (VHDL-1067)
c:/Users/mtrawka/Documents/aio/testcases/mentor/security/proof_of_concept/vivado_design/random_number_gen_RTL/random_number_gen_RTL.gen/sources_1/bd/design_1/ip/design_1_r2o_generic_v2_0_0/design_1_r2o_generic_v2_0_0_sim_netlist.vhdl(3404): INFO: executing '\design_1_r2o_generic_v2_0_0_ro_inv__42_default\(STRUCTURE)' (VHDL-1067)
c:/Users/mtrawka/Documents/aio/testcases/mentor/security/proof_of_concept/vivado_design/random_number_gen_RTL/random_number_gen_RTL.gen/sources_1/bd/design_1/ip/design_1_r2o_generic_v2_0_0/design_1_r2o_generic_v2_0_0_sim_netlist.vhdl(1312): INFO: executing '\design_1_r2o_generic_v2_0_0_ro_latch__42_default\(STRUCTURE)' (VHDL-1067)
c:/Users/mtrawka/Documents/aio/testcases/mentor/security/proof_of_concept/vivado_design/random_number_gen_RTL/random_number_gen_RTL.gen/sources_1/bd/design_1/ip/design_1_r2o_generic_v2_0_0/design_1_r2o_generic_v2_0_0_sim_netlist.vhdl(3435): INFO: executing '\design_1_r2o_generic_v2_0_0_ro_inv__43_default\(STRUCTURE)' (VHDL-1067)
c:/Users/mtrawka/Documents/aio/testcases/mentor/security/proof_of_concept/vivado_design/random_number_gen_RTL/random_number_gen_RTL.gen/sources_1/bd/design_1/ip/design_1_r2o_generic_v2_0_0/design_1_r2o_generic_v2_0_0_sim_netlist.vhdl(1347): INFO: executing '\design_1_r2o_generic_v2_0_0_ro_latch__43_default\(STRUCTURE)' (VHDL-1067)
c:/Users/mtrawka/Documents/aio/testcases/mentor/security/proof_of_concept/vivado_design/random_number_gen_RTL/random_number_gen_RTL.gen/sources_1/bd/design_1/ip/design_1_r2o_generic_v2_0_0/design_1_r2o_generic_v2_0_0_sim_netlist.vhdl(3466): INFO: executing '\design_1_r2o_generic_v2_0_0_ro_inv__44_default\(STRUCTURE)' (VHDL-1067)
c:/Users/mtrawka/Documents/aio/testcases/mentor/security/proof_of_concept/vivado_design/random_number_gen_RTL/random_number_gen_RTL.gen/sources_1/bd/design_1/ip/design_1_r2o_generic_v2_0_0/design_1_r2o_generic_v2_0_0_sim_netlist.vhdl(1382): INFO: executing '\design_1_r2o_generic_v2_0_0_ro_latch__44_default\(STRUCTURE)' (VHDL-1067)
c:/Users/mtrawka/Documents/aio/testcases/mentor/security/proof_of_concept/vivado_design/random_number_gen_RTL/random_number_gen_RTL.gen/sources_1/bd/design_1/ip/design_1_r2o_generic_v2_0_0/design_1_r2o_generic_v2_0_0_sim_netlist.vhdl(3497): INFO: executing '\design_1_r2o_generic_v2_0_0_ro_inv__45_default\(STRUCTURE)' (VHDL-1067)
c:/Users/mtrawka/Documents/aio/testcases/mentor/security/proof_of_concept/vivado_design/random_number_gen_RTL/random_number_gen_RTL.gen/sources_1/bd/design_1/ip/design_1_r2o_generic_v2_0_0/design_1_r2o_generic_v2_0_0_sim_netlist.vhdl(1417): INFO: executing '\design_1_r2o_generic_v2_0_0_ro_latch__45_default\(STRUCTURE)' (VHDL-1067)
c:/Users/mtrawka/Documents/aio/testcases/mentor/security/proof_of_concept/vivado_design/random_number_gen_RTL/random_number_gen_RTL.gen/sources_1/bd/design_1/ip/design_1_r2o_generic_v2_0_0/design_1_r2o_generic_v2_0_0_sim_netlist.vhdl(3528): INFO: executing '\design_1_r2o_generic_v2_0_0_ro_inv__46_default\(STRUCTURE)' (VHDL-1067)
c:/Users/mtrawka/Documents/aio/testcases/mentor/security/proof_of_concept/vivado_design/random_number_gen_RTL/random_number_gen_RTL.gen/sources_1/bd/design_1/ip/design_1_r2o_generic_v2_0_0/design_1_r2o_generic_v2_0_0_sim_netlist.vhdl(1452): INFO: executing '\design_1_r2o_generic_v2_0_0_ro_latch__46_default\(STRUCTURE)' (VHDL-1067)
c:/Users/mtrawka/Documents/aio/testcases/mentor/security/proof_of_concept/vivado_design/random_number_gen_RTL/random_number_gen_RTL.gen/sources_1/bd/design_1/ip/design_1_r2o_generic_v2_0_0/design_1_r2o_generic_v2_0_0_sim_netlist.vhdl(3559): INFO: executing '\design_1_r2o_generic_v2_0_0_ro_inv__47_default\(STRUCTURE)' (VHDL-1067)
c:/Users/mtrawka/Documents/aio/testcases/mentor/security/proof_of_concept/vivado_design/random_number_gen_RTL/random_number_gen_RTL.gen/sources_1/bd/design_1/ip/design_1_r2o_generic_v2_0_0/design_1_r2o_generic_v2_0_0_sim_netlist.vhdl(1487): INFO: executing '\design_1_r2o_generic_v2_0_0_ro_latch__47_default\(STRUCTURE)' (VHDL-1067)
c:/Users/mtrawka/Documents/aio/testcases/mentor/security/proof_of_concept/vivado_design/random_number_gen_RTL/random_number_gen_RTL.gen/sources_1/bd/design_1/ip/design_1_r2o_generic_v2_0_0/design_1_r2o_generic_v2_0_0_sim_netlist.vhdl(3590): INFO: executing '\design_1_r2o_generic_v2_0_0_ro_inv__48_default\(STRUCTURE)' (VHDL-1067)
c:/Users/mtrawka/Documents/aio/testcases/mentor/security/proof_of_concept/vivado_design/random_number_gen_RTL/random_number_gen_RTL.gen/sources_1/bd/design_1/ip/design_1_r2o_generic_v2_0_0/design_1_r2o_generic_v2_0_0_sim_netlist.vhdl(1522): INFO: executing '\design_1_r2o_generic_v2_0_0_ro_latch__48_default\(STRUCTURE)' (VHDL-1067)
c:/Users/mtrawka/Documents/aio/testcases/mentor/security/proof_of_concept/vivado_design/random_number_gen_RTL/random_number_gen_RTL.gen/sources_1/bd/design_1/ip/design_1_r2o_generic_v2_0_0/design_1_r2o_generic_v2_0_0_sim_netlist.vhdl(3621): INFO: executing '\design_1_r2o_generic_v2_0_0_ro_inv__49_default\(STRUCTURE)' (VHDL-1067)
c:/Users/mtrawka/Documents/aio/testcases/mentor/security/proof_of_concept/vivado_design/random_number_gen_RTL/random_number_gen_RTL.gen/sources_1/bd/design_1/ip/design_1_r2o_generic_v2_0_0/design_1_r2o_generic_v2_0_0_sim_netlist.vhdl(1557): INFO: executing '\design_1_r2o_generic_v2_0_0_ro_latch__49_default\(STRUCTURE)' (VHDL-1067)
c:/Users/mtrawka/Documents/aio/testcases/mentor/security/proof_of_concept/vivado_design/random_number_gen_RTL/random_number_gen_RTL.gen/sources_1/bd/design_1/ip/design_1_r2o_generic_v2_0_0/design_1_r2o_generic_v2_0_0_sim_netlist.vhdl(3683): INFO: executing '\design_1_r2o_generic_v2_0_0_ro_inv__50_default\(STRUCTURE)' (VHDL-1067)
c:/Users/mtrawka/Documents/aio/testcases/mentor/security/proof_of_concept/vivado_design/random_number_gen_RTL/random_number_gen_RTL.gen/sources_1/bd/design_1/ip/design_1_r2o_generic_v2_0_0/design_1_r2o_generic_v2_0_0_sim_netlist.vhdl(1627): INFO: executing '\design_1_r2o_generic_v2_0_0_ro_latch__50_default\(STRUCTURE)' (VHDL-1067)
c:/Users/mtrawka/Documents/aio/testcases/mentor/security/proof_of_concept/vivado_design/random_number_gen_RTL/random_number_gen_RTL.gen/sources_1/bd/design_1/ip/design_1_r2o_generic_v2_0_0/design_1_r2o_generic_v2_0_0_sim_netlist.vhdl(3652): INFO: executing '\design_1_r2o_generic_v2_0_0_ro_inv__5_default\(STRUCTURE)' (VHDL-1067)
c:/Users/mtrawka/Documents/aio/testcases/mentor/security/proof_of_concept/vivado_design/random_number_gen_RTL/random_number_gen_RTL.gen/sources_1/bd/design_1/ip/design_1_r2o_generic_v2_0_0/design_1_r2o_generic_v2_0_0_sim_netlist.vhdl(1592): INFO: executing '\design_1_r2o_generic_v2_0_0_ro_latch__5_default\(STRUCTURE)' (VHDL-1067)
c:/Users/mtrawka/Documents/aio/testcases/mentor/security/proof_of_concept/vivado_design/random_number_gen_RTL/random_number_gen_RTL.gen/sources_1/bd/design_1/ip/design_1_r2o_generic_v2_0_0/design_1_r2o_generic_v2_0_0_sim_netlist.vhdl(3714): INFO: executing '\design_1_r2o_generic_v2_0_0_ro_inv__51_default\(STRUCTURE)' (VHDL-1067)
c:/Users/mtrawka/Documents/aio/testcases/mentor/security/proof_of_concept/vivado_design/random_number_gen_RTL/random_number_gen_RTL.gen/sources_1/bd/design_1/ip/design_1_r2o_generic_v2_0_0/design_1_r2o_generic_v2_0_0_sim_netlist.vhdl(1662): INFO: executing '\design_1_r2o_generic_v2_0_0_ro_latch__51_default\(STRUCTURE)' (VHDL-1067)
c:/Users/mtrawka/Documents/aio/testcases/mentor/security/proof_of_concept/vivado_design/random_number_gen_RTL/random_number_gen_RTL.gen/sources_1/bd/design_1/ip/design_1_r2o_generic_v2_0_0/design_1_r2o_generic_v2_0_0_sim_netlist.vhdl(3745): INFO: executing '\design_1_r2o_generic_v2_0_0_ro_inv__52_default\(STRUCTURE)' (VHDL-1067)
c:/Users/mtrawka/Documents/aio/testcases/mentor/security/proof_of_concept/vivado_design/random_number_gen_RTL/random_number_gen_RTL.gen/sources_1/bd/design_1/ip/design_1_r2o_generic_v2_0_0/design_1_r2o_generic_v2_0_0_sim_netlist.vhdl(1697): INFO: executing '\design_1_r2o_generic_v2_0_0_ro_latch__52_default\(STRUCTURE)' (VHDL-1067)
c:/Users/mtrawka/Documents/aio/testcases/mentor/security/proof_of_concept/vivado_design/random_number_gen_RTL/random_number_gen_RTL.gen/sources_1/bd/design_1/ip/design_1_r2o_generic_v2_0_0/design_1_r2o_generic_v2_0_0_sim_netlist.vhdl(3776): INFO: executing '\design_1_r2o_generic_v2_0_0_ro_inv__53_default\(STRUCTURE)' (VHDL-1067)
c:/Users/mtrawka/Documents/aio/testcases/mentor/security/proof_of_concept/vivado_design/random_number_gen_RTL/random_number_gen_RTL.gen/sources_1/bd/design_1/ip/design_1_r2o_generic_v2_0_0/design_1_r2o_generic_v2_0_0_sim_netlist.vhdl(1732): INFO: executing '\design_1_r2o_generic_v2_0_0_ro_latch__53_default\(STRUCTURE)' (VHDL-1067)
c:/Users/mtrawka/Documents/aio/testcases/mentor/security/proof_of_concept/vivado_design/random_number_gen_RTL/random_number_gen_RTL.gen/sources_1/bd/design_1/ip/design_1_r2o_generic_v2_0_0/design_1_r2o_generic_v2_0_0_sim_netlist.vhdl(3807): INFO: executing '\design_1_r2o_generic_v2_0_0_ro_inv__54_default\(STRUCTURE)' (VHDL-1067)
c:/Users/mtrawka/Documents/aio/testcases/mentor/security/proof_of_concept/vivado_design/random_number_gen_RTL/random_number_gen_RTL.gen/sources_1/bd/design_1/ip/design_1_r2o_generic_v2_0_0/design_1_r2o_generic_v2_0_0_sim_netlist.vhdl(1767): INFO: executing '\design_1_r2o_generic_v2_0_0_ro_latch__54_default\(STRUCTURE)' (VHDL-1067)
c:/Users/mtrawka/Documents/aio/testcases/mentor/security/proof_of_concept/vivado_design/random_number_gen_RTL/random_number_gen_RTL.gen/sources_1/bd/design_1/ip/design_1_r2o_generic_v2_0_0/design_1_r2o_generic_v2_0_0_sim_netlist.vhdl(3838): INFO: executing '\design_1_r2o_generic_v2_0_0_ro_inv__55_default\(STRUCTURE)' (VHDL-1067)
c:/Users/mtrawka/Documents/aio/testcases/mentor/security/proof_of_concept/vivado_design/random_number_gen_RTL/random_number_gen_RTL.gen/sources_1/bd/design_1/ip/design_1_r2o_generic_v2_0_0/design_1_r2o_generic_v2_0_0_sim_netlist.vhdl(1802): INFO: executing '\design_1_r2o_generic_v2_0_0_ro_latch__55_default\(STRUCTURE)' (VHDL-1067)
c:/Users/mtrawka/Documents/aio/testcases/mentor/security/proof_of_concept/vivado_design/random_number_gen_RTL/random_number_gen_RTL.gen/sources_1/bd/design_1/ip/design_1_r2o_generic_v2_0_0/design_1_r2o_generic_v2_0_0_sim_netlist.vhdl(3869): INFO: executing '\design_1_r2o_generic_v2_0_0_ro_inv__56_default\(STRUCTURE)' (VHDL-1067)
c:/Users/mtrawka/Documents/aio/testcases/mentor/security/proof_of_concept/vivado_design/random_number_gen_RTL/random_number_gen_RTL.gen/sources_1/bd/design_1/ip/design_1_r2o_generic_v2_0_0/design_1_r2o_generic_v2_0_0_sim_netlist.vhdl(1837): INFO: executing '\design_1_r2o_generic_v2_0_0_ro_latch__56_default\(STRUCTURE)' (VHDL-1067)
c:/Users/mtrawka/Documents/aio/testcases/mentor/security/proof_of_concept/vivado_design/random_number_gen_RTL/random_number_gen_RTL.gen/sources_1/bd/design_1/ip/design_1_r2o_generic_v2_0_0/design_1_r2o_generic_v2_0_0_sim_netlist.vhdl(3900): INFO: executing '\design_1_r2o_generic_v2_0_0_ro_inv__57_default\(STRUCTURE)' (VHDL-1067)
c:/Users/mtrawka/Documents/aio/testcases/mentor/security/proof_of_concept/vivado_design/random_number_gen_RTL/random_number_gen_RTL.gen/sources_1/bd/design_1/ip/design_1_r2o_generic_v2_0_0/design_1_r2o_generic_v2_0_0_sim_netlist.vhdl(1872): INFO: executing '\design_1_r2o_generic_v2_0_0_ro_latch__57_default\(STRUCTURE)' (VHDL-1067)
c:/Users/mtrawka/Documents/aio/testcases/mentor/security/proof_of_concept/vivado_design/random_number_gen_RTL/random_number_gen_RTL.gen/sources_1/bd/design_1/ip/design_1_r2o_generic_v2_0_0/design_1_r2o_generic_v2_0_0_sim_netlist.vhdl(3931): INFO: executing '\design_1_r2o_generic_v2_0_0_ro_inv__58_default\(STRUCTURE)' (VHDL-1067)
c:/Users/mtrawka/Documents/aio/testcases/mentor/security/proof_of_concept/vivado_design/random_number_gen_RTL/random_number_gen_RTL.gen/sources_1/bd/design_1/ip/design_1_r2o_generic_v2_0_0/design_1_r2o_generic_v2_0_0_sim_netlist.vhdl(1907): INFO: executing '\design_1_r2o_generic_v2_0_0_ro_latch__58_default\(STRUCTURE)' (VHDL-1067)
c:/Users/mtrawka/Documents/aio/testcases/mentor/security/proof_of_concept/vivado_design/random_number_gen_RTL/random_number_gen_RTL.gen/sources_1/bd/design_1/ip/design_1_r2o_generic_v2_0_0/design_1_r2o_generic_v2_0_0_sim_netlist.vhdl(3962): INFO: executing '\design_1_r2o_generic_v2_0_0_ro_inv__59_default\(STRUCTURE)' (VHDL-1067)
c:/Users/mtrawka/Documents/aio/testcases/mentor/security/proof_of_concept/vivado_design/random_number_gen_RTL/random_number_gen_RTL.gen/sources_1/bd/design_1/ip/design_1_r2o_generic_v2_0_0/design_1_r2o_generic_v2_0_0_sim_netlist.vhdl(1942): INFO: executing '\design_1_r2o_generic_v2_0_0_ro_latch__59_default\(STRUCTURE)' (VHDL-1067)
c:/Users/mtrawka/Documents/aio/testcases/mentor/security/proof_of_concept/vivado_design/random_number_gen_RTL/random_number_gen_RTL.gen/sources_1/bd/design_1/ip/design_1_r2o_generic_v2_0_0/design_1_r2o_generic_v2_0_0_sim_netlist.vhdl(4024): INFO: executing '\design_1_r2o_generic_v2_0_0_ro_inv__60_default\(STRUCTURE)' (VHDL-1067)
c:/Users/mtrawka/Documents/aio/testcases/mentor/security/proof_of_concept/vivado_design/random_number_gen_RTL/random_number_gen_RTL.gen/sources_1/bd/design_1/ip/design_1_r2o_generic_v2_0_0/design_1_r2o_generic_v2_0_0_sim_netlist.vhdl(2012): INFO: executing '\design_1_r2o_generic_v2_0_0_ro_latch__60_default\(STRUCTURE)' (VHDL-1067)
c:/Users/mtrawka/Documents/aio/testcases/mentor/security/proof_of_concept/vivado_design/random_number_gen_RTL/random_number_gen_RTL.gen/sources_1/bd/design_1/ip/design_1_r2o_generic_v2_0_0/design_1_r2o_generic_v2_0_0_sim_netlist.vhdl(3993): INFO: executing '\design_1_r2o_generic_v2_0_0_ro_inv__6_default\(STRUCTURE)' (VHDL-1067)
c:/Users/mtrawka/Documents/aio/testcases/mentor/security/proof_of_concept/vivado_design/random_number_gen_RTL/random_number_gen_RTL.gen/sources_1/bd/design_1/ip/design_1_r2o_generic_v2_0_0/design_1_r2o_generic_v2_0_0_sim_netlist.vhdl(1977): INFO: executing '\design_1_r2o_generic_v2_0_0_ro_latch__6_default\(STRUCTURE)' (VHDL-1067)
c:/Users/mtrawka/Documents/aio/testcases/mentor/security/proof_of_concept/vivado_design/random_number_gen_RTL/random_number_gen_RTL.gen/sources_1/bd/design_1/ip/design_1_r2o_generic_v2_0_0/design_1_r2o_generic_v2_0_0_sim_netlist.vhdl(4055): INFO: executing '\design_1_r2o_generic_v2_0_0_ro_inv__61_default\(STRUCTURE)' (VHDL-1067)
c:/Users/mtrawka/Documents/aio/testcases/mentor/security/proof_of_concept/vivado_design/random_number_gen_RTL/random_number_gen_RTL.gen/sources_1/bd/design_1/ip/design_1_r2o_generic_v2_0_0/design_1_r2o_generic_v2_0_0_sim_netlist.vhdl(2047): INFO: executing '\design_1_r2o_generic_v2_0_0_ro_latch__61_default\(STRUCTURE)' (VHDL-1067)
c:/Users/mtrawka/Documents/aio/testcases/mentor/security/proof_of_concept/vivado_design/random_number_gen_RTL/random_number_gen_RTL.gen/sources_1/bd/design_1/ip/design_1_r2o_generic_v2_0_0/design_1_r2o_generic_v2_0_0_sim_netlist.vhdl(4086): INFO: executing '\design_1_r2o_generic_v2_0_0_ro_inv__62_default\(STRUCTURE)' (VHDL-1067)
c:/Users/mtrawka/Documents/aio/testcases/mentor/security/proof_of_concept/vivado_design/random_number_gen_RTL/random_number_gen_RTL.gen/sources_1/bd/design_1/ip/design_1_r2o_generic_v2_0_0/design_1_r2o_generic_v2_0_0_sim_netlist.vhdl(2082): INFO: executing '\design_1_r2o_generic_v2_0_0_ro_latch__62_default\(STRUCTURE)' (VHDL-1067)
c:/Users/mtrawka/Documents/aio/testcases/mentor/security/proof_of_concept/vivado_design/random_number_gen_RTL/random_number_gen_RTL.gen/sources_1/bd/design_1/ip/design_1_r2o_generic_v2_0_0/design_1_r2o_generic_v2_0_0_sim_netlist.vhdl(4117): INFO: executing '\design_1_r2o_generic_v2_0_0_ro_inv__63_default\(STRUCTURE)' (VHDL-1067)
c:/Users/mtrawka/Documents/aio/testcases/mentor/security/proof_of_concept/vivado_design/random_number_gen_RTL/random_number_gen_RTL.gen/sources_1/bd/design_1/ip/design_1_r2o_generic_v2_0_0/design_1_r2o_generic_v2_0_0_sim_netlist.vhdl(2117): INFO: executing '\design_1_r2o_generic_v2_0_0_ro_latch__63_default\(STRUCTURE)' (VHDL-1067)
c:/Users/mtrawka/Documents/aio/testcases/mentor/security/proof_of_concept/vivado_design/random_number_gen_RTL/random_number_gen_RTL.gen/sources_1/bd/design_1/ip/design_1_r2o_generic_v2_0_0/design_1_r2o_generic_v2_0_0_sim_netlist.vhdl(2257): INFO: executing 'design_1_r2o_generic_v2_0_0_ro_inv_default(STRUCTURE)' (VHDL-1067)
c:/Users/mtrawka/Documents/aio/testcases/mentor/security/proof_of_concept/vivado_design/random_number_gen_RTL/random_number_gen_RTL.gen/sources_1/bd/design_1/ip/design_1_r2o_generic_v2_0_0/design_1_r2o_generic_v2_0_0_sim_netlist.vhdl(17): INFO: executing 'design_1_r2o_generic_v2_0_0_ro_latch_default(STRUCTURE)' (VHDL-1067)
c:/Users/mtrawka/Documents/aio/testcases/mentor/security/proof_of_concept/vivado_design/random_number_gen_RTL/random_number_gen_RTL.gen/sources_1/bd/design_1/ip/design_1_r2o_generic_v2_0_0/design_1_r2o_generic_v2_0_0_sim_netlist.vhdl(4148): INFO: executing '\design_1_r2o_generic_v2_0_0_ro_inv__7_default\(STRUCTURE)' (VHDL-1067)
c:/Users/mtrawka/Documents/aio/testcases/mentor/security/proof_of_concept/vivado_design/random_number_gen_RTL/random_number_gen_RTL.gen/sources_1/bd/design_1/ip/design_1_r2o_generic_v2_0_0/design_1_r2o_generic_v2_0_0_sim_netlist.vhdl(2152): INFO: executing '\design_1_r2o_generic_v2_0_0_ro_latch__7_default\(STRUCTURE)' (VHDL-1067)
c:/Users/mtrawka/Documents/aio/testcases/mentor/security/proof_of_concept/vivado_design/random_number_gen_RTL/random_number_gen_RTL.gen/sources_1/bd/design_1/ip/design_1_r2o_generic_v2_0_0/design_1_r2o_generic_v2_0_0_sim_netlist.vhdl(4179): INFO: executing '\design_1_r2o_generic_v2_0_0_ro_inv__8_default\(STRUCTURE)' (VHDL-1067)
c:/Users/mtrawka/Documents/aio/testcases/mentor/security/proof_of_concept/vivado_design/random_number_gen_RTL/random_number_gen_RTL.gen/sources_1/bd/design_1/ip/design_1_r2o_generic_v2_0_0/design_1_r2o_generic_v2_0_0_sim_netlist.vhdl(2187): INFO: executing '\design_1_r2o_generic_v2_0_0_ro_latch__8_default\(STRUCTURE)' (VHDL-1067)
c:/Users/mtrawka/Documents/aio/testcases/mentor/security/proof_of_concept/vivado_design/random_number_gen_RTL/random_number_gen_RTL.gen/sources_1/bd/design_1/ip/design_1_r2o_generic_v2_0_0/design_1_r2o_generic_v2_0_0_sim_netlist.vhdl(4210): INFO: executing '\design_1_r2o_generic_v2_0_0_ro_inv__9_default\(STRUCTURE)' (VHDL-1067)
c:/Users/mtrawka/Documents/aio/testcases/mentor/security/proof_of_concept/vivado_design/random_number_gen_RTL/random_number_gen_RTL.gen/sources_1/bd/design_1/ip/design_1_r2o_generic_v2_0_0/design_1_r2o_generic_v2_0_0_sim_netlist.vhdl(2222): INFO: executing '\design_1_r2o_generic_v2_0_0_ro_latch__9_default\(STRUCTURE)' (VHDL-1067)
c:/Users/mtrawka/Documents/aio/testcases/mentor/security/proof_of_concept/vivado_design/random_number_gen_RTL/random_number_gen_RTL.gen/sources_1/bd/design_1/ip/design_1_r2o_generic_v2_0_0/design_1_r2o_generic_v2_0_0_sim_netlist.vhdl(2319): INFO: executing '\design_1_r2o_generic_v2_0_0_ro_inv__10_default\(STRUCTURE)' (VHDL-1067)
c:/Users/mtrawka/Documents/aio/testcases/mentor/security/proof_of_concept/vivado_design/random_number_gen_RTL/random_number_gen_RTL.gen/sources_1/bd/design_1/ip/design_1_r2o_generic_v2_0_0/design_1_r2o_generic_v2_0_0_sim_netlist.vhdl(87): INFO: executing '\design_1_r2o_generic_v2_0_0_ro_latch__10_default\(STRUCTURE)' (VHDL-1067)
ModName: ro_inv(configuration=2)
BaseName ro_inv has 1 entries
srcscan exits with return value 0
