srcscan starts
INFO: analyzing module RO_galois_64 (VERI-9002)
INFO: analyzing module SPI (VERI-9002)
C:/Users/mtrawka/Documents/aio/testcases/mentor/security/proof_of_concept/vivado_design/random_number_gen_RTL/random_number_gen_RTL.srcs/sources_1/new/SPI.v(29): INFO: undeclared symbol SDOUT_int, assumed default net type wire (VERI-9004)
INFO: analyzing module dff_sr (VERI-9002)
INFO: analyzing module shift_register (VERI-9002)
INFO: analyzing module clock_div (VERI-9002)
INFO: analyzing module counter_N (VERI-9002)
INFO: analyzing module design_1_wrapper (VERI-9002)
INFO: analyzing module inv_chain_v2 (VERI-9002)
INFO: analyzing module latch_n (VERI-9002)
INFO: analyzing module main_lfsr (VERI-9002)
INFO: analyzing module pulse_formatter (VERI-9002)
INFO: analyzing module r2o_generic_v2 (VERI-9002)
C:/Users/mtrawka/Documents/aio/testcases/mentor/security/proof_of_concept/vivado_design/random_number_gen_RTL/random_number_gen_RTL.srcs/sources_1/new/r2o_generic_v2.v(40): ERROR: 'global_feedback' is not declared (VERI-1128)
INFO: analyzing module r2o_jr (VERI-9002)
INFO: analyzing module ready_counter (VERI-9002)
INFO: analyzing module ro2_generic (VERI-9002)
INFO: analyzing module ro_inv (VERI-9002)
INFO: analyzing module ro_latch (VERI-9002)
INFO: analyzing module ro_ff (VERI-9002)
INFO: analyzing module ro_injector (VERI-9002)
INFO: analyzing module tff (VERI-9002)
Listing tops:
VeriTop library:xil_defaultlib mod:RO_galois_64
VeriTop library:xil_defaultlib mod:SPI
VeriTop library:xil_defaultlib mod:clock_div
VeriTop library:xil_defaultlib mod:counter_N
VeriTop library:xil_defaultlib mod:design_1_wrapper
VeriTop library:xil_defaultlib mod:latch_n
VeriTop library:xil_defaultlib mod:main_lfsr
VeriTop library:xil_defaultlib mod:pulse_formatter
VeriTop library:xil_defaultlib mod:r2o_generic_v2
VeriTop library:xil_defaultlib mod:r2o_jr
VeriTop library:xil_defaultlib mod:ready_counter
VeriTop library:xil_defaultlib mod:ro2_generic
VeriTop library:xil_defaultlib mod:ro_injector
VeriTop library:xil_defaultlib mod:tff
END of tops
C:/Users/mtrawka/Documents/aio/testcases/mentor/security/proof_of_concept/vivado_design/random_number_gen_RTL/random_number_gen_RTL.srcs/sources_1/new/RO_galois_64.v(1): INFO: compiling module 'RO_galois_64_default' (VERI-1018)
C:/Users/mtrawka/Documents/aio/testcases/mentor/security/proof_of_concept/vivado_design/random_number_gen_RTL/random_number_gen_RTL.srcs/sources_1/new/SPI.v(1): INFO: compiling module 'SPI_default' (VERI-1018)
C:/Users/mtrawka/Documents/aio/testcases/mentor/security/proof_of_concept/vivado_design/random_number_gen_RTL/random_number_gen_RTL.srcs/sources_1/new/clock_div.v(1): INFO: compiling module 'clock_div_default' (VERI-1018)
C:/Users/mtrawka/Documents/aio/testcases/mentor/security/proof_of_concept/vivado_design/random_number_gen_RTL/random_number_gen_RTL.srcs/sources_1/new/counter_N.v(1): INFO: compiling module 'counter_N_default' (VERI-1018)
C:/Users/mtrawka/Documents/aio/testcases/mentor/security/proof_of_concept/vivado_design/random_number_gen_RTL/random_number_gen_RTL.gen/sources_1/bd/design_1/hdl/design_1_wrapper.v(12): INFO: compiling module 'design_1_wrapper_default' (VERI-1018)
C:/Users/mtrawka/Documents/aio/testcases/mentor/security/proof_of_concept/vivado_design/random_number_gen_RTL/random_number_gen_RTL.gen/sources_1/bd/design_1/hdl/design_1_wrapper.v(39): WARNING: Module <design_1> not found while processing module instance <design_1_i> (VERI-1063)
C:/Users/mtrawka/Documents/aio/testcases/mentor/security/proof_of_concept/vivado_design/random_number_gen_RTL/random_number_gen_RTL.srcs/sources_1/new/latch_n.v(1): INFO: compiling module 'latch_n_default' (VERI-1018)
C:/Users/mtrawka/Documents/aio/testcases/mentor/security/proof_of_concept/main_lfsr/main_lfsr.v(1): INFO: compiling module 'main_lfsr_default' (VERI-1018)
C:/Users/mtrawka/Documents/aio/testcases/mentor/security/proof_of_concept/vivado_design/random_number_gen_RTL/random_number_gen_RTL.srcs/sources_1/new/pulse_formatter.v(1): INFO: compiling module 'pulse_formatter_default' (VERI-1018)
C:/Users/mtrawka/Documents/aio/testcases/mentor/security/proof_of_concept/vivado_design/random_number_gen_RTL/random_number_gen_RTL.srcs/sources_1/new/r2o_generic_v2.v(1): INFO: compiling module 'r2o_generic_v2_default' (VERI-1018)
C:/Users/mtrawka/Documents/aio/testcases/mentor/security/proof_of_concept/vivado_design/random_number_gen_RTL/random_number_gen_RTL.srcs/sources_1/new/r2o_jr.v(1): INFO: compiling module 'r2o_jr_default' (VERI-1018)
C:/Users/mtrawka/Documents/aio/testcases/mentor/security/proof_of_concept/vivado_design/random_number_gen_RTL/random_number_gen_RTL.srcs/sources_1/new/r2o_jr.v(20): WARNING: module instantiation should have an instance name (VERI-1229)
C:/Users/mtrawka/Documents/aio/testcases/mentor/security/proof_of_concept/vivado_design/random_number_gen_RTL/random_number_gen_RTL.srcs/sources_1/new/r2o_jr.v(26): WARNING: module instantiation should have an instance name (VERI-1229)
C:/Users/mtrawka/Documents/aio/testcases/mentor/security/proof_of_concept/vivado_design/random_number_gen_RTL/random_number_gen_RTL.srcs/sources_1/new/ready_counter.v(1): INFO: compiling module 'ready_counter_default' (VERI-1018)
C:/Users/mtrawka/Documents/aio/testcases/mentor/security/proof_of_concept/vivado_design/random_number_gen_RTL/random_number_gen_RTL.srcs/sources_1/new/ro2_generic.v(1): INFO: compiling module 'ro2_generic_default' (VERI-1018)
C:/Users/mtrawka/Documents/aio/testcases/mentor/security/proof_of_concept/vivado_design/random_number_gen_RTL/random_number_gen_RTL.srcs/sources_1/new/ro_injectors.v(1): INFO: compiling module 'ro_injector_default' (VERI-1018)
C:/Users/mtrawka/Documents/aio/testcases/mentor/security/proof_of_concept/vivado_design/random_number_gen_RTL/random_number_gen_RTL.srcs/sources_1/new/tff.v(1): INFO: compiling module 'tff_default' (VERI-1018)
C:/Users/mtrawka/Documents/aio/testcases/mentor/security/proof_of_concept/vivado_design/random_number_gen_RTL/random_number_gen_RTL.srcs/sources_1/new/r2o_generic_v2.v(40): ERROR: constant expression required (VERI-1240)
C:/Users/mtrawka/Documents/aio/testcases/mentor/security/proof_of_concept/vivado_design/random_number_gen_RTL/random_number_gen_RTL.srcs/sources_1/new/r2o_generic_v2.v(37): WARNING: module instantiation should have an instance name (VERI-1229)
C:/Users/mtrawka/Documents/aio/testcases/mentor/security/proof_of_concept/vivado_design/random_number_gen_RTL/random_number_gen_RTL.srcs/sources_1/new/r2o_generic_v2.v(47): WARNING: module instantiation should have an instance name (VERI-1229)
C:/Users/mtrawka/Documents/aio/testcases/mentor/security/proof_of_concept/vivado_design/random_number_gen_RTL/random_number_gen_RTL.srcs/sources_1/new/r2o_generic_v2.v(44): WARNING: module instantiation should have an instance name (VERI-1229)
C:/Users/mtrawka/Documents/aio/testcases/mentor/security/proof_of_concept/vivado_design/random_number_gen_RTL/random_number_gen_RTL.srcs/sources_1/new/r2o_jr.v(32): WARNING: module instantiation should have an instance name (VERI-1229)
C:/Users/mtrawka/Documents/aio/testcases/mentor/security/proof_of_concept/vivado_design/random_number_gen_RTL/random_number_gen_RTL.srcs/sources_1/new/r2o_jr.v(33): WARNING: module instantiation should have an instance name (VERI-1229)
C:/Users/mtrawka/Documents/aio/testcases/mentor/security/proof_of_concept/vivado_design/random_number_gen_RTL/random_number_gen_RTL.srcs/sources_1/new/r2o_jr.v(42): WARNING: module instantiation should have an instance name (VERI-1229)
C:/Users/mtrawka/Documents/aio/testcases/mentor/security/proof_of_concept/vivado_design/random_number_gen_RTL/random_number_gen_RTL.srcs/sources_1/new/r2o_jr.v(43): WARNING: module instantiation should have an instance name (VERI-1229)
C:/Users/mtrawka/Documents/aio/testcases/mentor/security/proof_of_concept/vivado_design/random_number_gen_RTL/random_number_gen_RTL.srcs/sources_1/new/r2o_jr.v(36): WARNING: module instantiation should have an instance name (VERI-1229)
C:/Users/mtrawka/Documents/aio/testcases/mentor/security/proof_of_concept/vivado_design/random_number_gen_RTL/random_number_gen_RTL.srcs/sources_1/new/r2o_jr.v(37): WARNING: module instantiation should have an instance name (VERI-1229)
C:/Users/mtrawka/Documents/aio/testcases/mentor/security/proof_of_concept/vivado_design/random_number_gen_RTL/random_number_gen_RTL.srcs/sources_1/new/ro2_generic.v(33): WARNING: module instantiation should have an instance name (VERI-1229)
C:/Users/mtrawka/Documents/aio/testcases/mentor/security/proof_of_concept/vivado_design/random_number_gen_RTL/random_number_gen_RTL.srcs/sources_1/new/ro2_generic.v(60): WARNING: module instantiation should have an instance name (VERI-1229)
C:/Users/mtrawka/Documents/aio/testcases/mentor/security/proof_of_concept/vivado_design/random_number_gen_RTL/random_number_gen_RTL.srcs/sources_1/new/ro2_generic.v(61): WARNING: module instantiation should have an instance name (VERI-1229)
C:/Users/mtrawka/Documents/aio/testcases/mentor/security/proof_of_concept/vivado_design/random_number_gen_RTL/random_number_gen_RTL.srcs/sources_1/new/ro2_generic.v(64): WARNING: module instantiation should have an instance name (VERI-1229)
C:/Users/mtrawka/Documents/aio/testcases/mentor/security/proof_of_concept/vivado_design/random_number_gen_RTL/random_number_gen_RTL.srcs/sources_1/new/ro2_generic.v(65): WARNING: module instantiation should have an instance name (VERI-1229)
C:/Users/mtrawka/Documents/aio/testcases/mentor/security/proof_of_concept/vivado_design/random_number_gen_RTL/random_number_gen_RTL.srcs/sources_1/new/ro2_generic.v(89): WARNING: module instantiation should have an instance name (VERI-1229)
C:/Users/mtrawka/Documents/aio/testcases/mentor/security/proof_of_concept/vivado_design/random_number_gen_RTL/random_number_gen_RTL.srcs/sources_1/new/ro2_generic.v(90): WARNING: module instantiation should have an instance name (VERI-1229)
C:/Users/mtrawka/Documents/aio/testcases/mentor/security/proof_of_concept/vivado_design/random_number_gen_RTL/random_number_gen_RTL.srcs/sources_1/new/ro2_generic.v(126): WARNING: module instantiation should have an instance name (VERI-1229)
ModName: inv_chain_v2(N=3)
ModName: inv_chain_v2(N=5)
ModName: inv_chain_v2(N=7)
ModName: ro_inv(configuration=2)
BaseName inv_chain_v2 has 3 entries
BaseName ro_inv has 1 entries
srcscan exits with return value 0
