srcscan starts
=============== Using vdb files for VHDL std libs ===========
INFO: The vhdl library search path for library "std" is now "C:/Xilinx/Vivado/2021.1/data/precomp_hsv/vhdl/std" (VHDL-1505)
INFO: The vhdl library search path for library "synopsys" is now "C:/Xilinx/Vivado/2021.1/data/precomp_hsv/vhdl/synopsys" (VHDL-1505)
INFO: The vhdl library search path for library "ieee" is now "C:/Xilinx/Vivado/2021.1/data/precomp_hsv/vhdl/ieee" (VHDL-1505)
INFO: The vhdl library search path for library "unimacro" is now "C:/Xilinx/Vivado/2021.1/data/precomp_hsv/vhdl/unimacro" (VHDL-1505)
INFO: The vhdl library search path for library "unisim" is now "C:/Xilinx/Vivado/2021.1/data/precomp_hsv/vhdl/unisim" (VHDL-1505)
INFO: The vhdl library search path for library "vl" is now "C:/Xilinx/Vivado/2021.1/data/precomp_hsv/vhdl/vl" (VHDL-1505)
INFO: The vhdl library search path for library "xpm" is now "C:/Xilinx/Vivado/2021.1/data/precomp_hsv/vhdl/xpm" (VHDL-1505)
INFO: analyzing module design_1_latch_n_0_0 (VERI-9002)
INFO: analyzing module design_1_latch_n_0_0_latch_n (VERI-9002)
INFO: analyzing module glbl (VERI-9002)
INFO: analyzing module latch_n (VERI-9002)
-- Analyzing VHDL file "c:/Users/mtrawka/Documents/aio/testcases/mentor/security/proof_of_concept/vivado_design/random_number_gen_RTL/random_number_gen_RTL.gen/sources_1/bd/design_1/ip/design_1_latch_n_0_0/design_1_latch_n_0_0_sim_netlist.vhdl" into library xil_defaultlib (VHDL-9003)
INFO: analyzing entity 'design_1_latch_n_0_0_latch_n' (VHDL-1012)
INFO: analyzing architecture 'STRUCTURE' of entity 'design_1_latch_n_0_0_latch_n' (VHDL-9006)
INFO: analyzing entity 'design_1_latch_n_0_0' (VHDL-1012)
INFO: analyzing architecture 'STRUCTURE' of entity 'design_1_latch_n_0_0' (VHDL-9006)
Listing tops:
VeriTop library:xil_defaultlib mod:design_1_latch_n_0_0
VeriTop library:xil_defaultlib mod:glbl
VeriTop library:xil_defaultlib mod:latch_n
VHDLTop: library:xil_defaultlib entity:design_1_latch_n_0_0 arch:
VHDLTop: library:xil_defaultlib entity:design_1_latch_n_0_0 arch:
END of tops
c:/Users/mtrawka/Documents/aio/testcases/mentor/security/proof_of_concept/vivado_design/random_number_gen_RTL/random_number_gen_RTL.gen/sources_1/bd/design_1/ip/design_1_latch_n_0_0/design_1_latch_n_0_0_sim_netlist.v(18): INFO: compiling module 'design_1_latch_n_0_0_default' (VERI-1018)
c:/Users/mtrawka/Documents/aio/testcases/mentor/security/proof_of_concept/vivado_design/random_number_gen_RTL/random_number_gen_RTL.gen/sources_1/bd/design_1/ip/design_1_latch_n_0_0/design_1_latch_n_0_0_sim_netlist.v(566): INFO: compiling module 'glbl_default' (VERI-1018)
C:/Users/mtrawka/Documents/aio/testcases/mentor/security/proof_of_concept/vivado_design/random_number_gen_RTL/random_number_gen_RTL.srcs/sources_1/new/latch_n.v(1): INFO: compiling module 'latch_n_default' (VERI-1018)
c:/Users/mtrawka/Documents/aio/testcases/mentor/security/proof_of_concept/vivado_design/random_number_gen_RTL/random_number_gen_RTL.gen/sources_1/bd/design_1/ip/design_1_latch_n_0_0/design_1_latch_n_0_0_sim_netlist.vhdl(738): INFO: executing 'design_1_latch_n_0_0_default(STRUCTURE)' (VHDL-1067)
c:/Users/mtrawka/Documents/aio/testcases/mentor/security/proof_of_concept/vivado_design/random_number_gen_RTL/random_number_gen_RTL.gen/sources_1/bd/design_1/ip/design_1_latch_n_0_0/design_1_latch_n_0_0_sim_netlist.vhdl(17): INFO: executing 'design_1_latch_n_0_0_latch_n_default(STRUCTURE)' (VHDL-1067)
srcscan exits with return value 0
